{
  test: true,
  level: 'info',
  message: 'Test info message',
  timestamp: '2025-07-23 22:19:22'
}
{
  test: true,
  level: 'warn',
  message: 'Test warning message',
  timestamp: '2025-07-23 22:19:22'
}
{
  version: '1.0.0',
  environment: 'development',
  level: 'info',
  message: 'Initializing Flashscore Scraper System',
  timestamp: '2025-07-23 22:19:22'
}
{
  level: 'info',
  message: 'Configuration validated successfully',
  timestamp: '2025-07-23 22:19:22'
}
{
  level: 'info',
  message: 'Flashscore Scraper System initialized successfully',
  timestamp: '2025-07-23 22:19:22'
}
{"level":"info","maxScrolls":3,"message":"Starting scroll-to-load content","service":"flashscore-scraper","targetSelector":null,"timestamp":"2025-07-23 22:41:55"}
{"level":"info","message":"Scroll-to-load completed","service":"flashscore-scraper","targetFound":false,"timestamp":"2025-07-23 22:41:55","totalScrolls":3}
{"level":"info","maxScrolls":5,"message":"Starting scroll-to-load content","service":"flashscore-scraper","targetSelector":".target-element","timestamp":"2025-07-23 22:41:55"}
{"level":"info","message":"Target element found after scrolling","scrollCount":1,"service":"flashscore-scraper","targetSelector":".target-element","timestamp":"2025-07-23 22:41:55"}
{"level":"info","message":"Waiting for dynamic content","networkIdle":false,"selectors":[".content",".data"],"service":"flashscore-scraper","timeout":1000,"timestamp":"2025-07-23 22:41:55"}
{"level":"info","message":"Waiting for any selector","selectors":[".content",".data"],"service":"flashscore-scraper","timeout":333.3333333333333,"timestamp":"2025-07-23 22:41:55"}
{"level":"info","message":"Waiting for loading indicators to disappear","service":"flashscore-scraper","timestamp":"2025-07-23 22:41:55"}
{"level":"info","message":"Loading indicator disappeared","selector":".spinner","service":"flashscore-scraper","timestamp":"2025-07-23 22:41:55"}
{"level":"info","message":"Loading indicator disappeared","selector":".loader","service":"flashscore-scraper","timestamp":"2025-07-23 22:41:55"}
{"level":"info","message":"Loading indicator disappeared","selector":".progress-bar","service":"flashscore-scraper","timestamp":"2025-07-23 22:41:55"}
{"level":"info","message":"Loading indicator disappeared","selector":".skeleton-loader","service":"flashscore-scraper","timestamp":"2025-07-23 22:41:55"}
{"duration":4,"level":"info","message":"Dynamic content loaded successfully","service":"flashscore-scraper","timestamp":"2025-07-23 22:41:55"}
{"level":"info","message":"Waiting for dynamic content","networkIdle":true,"selectors":[],"service":"flashscore-scraper","timeout":1000,"timestamp":"2025-07-23 22:41:55"}
{"idleTime":2000,"level":"info","message":"Waiting for network idle","service":"flashscore-scraper","timeout":333.3333333333333,"timestamp":"2025-07-23 22:41:55"}
{"level":"info","message":"Network idle achieved","service":"flashscore-scraper","timestamp":"2025-07-23 22:41:55"}
{"level":"info","message":"Waiting for loading indicators to disappear","service":"flashscore-scraper","timestamp":"2025-07-23 22:41:55"}
{"level":"info","message":"Loading indicator disappeared","selector":".spinner","service":"flashscore-scraper","timestamp":"2025-07-23 22:41:55"}
{"level":"info","message":"Loading indicator disappeared","selector":".loader","service":"flashscore-scraper","timestamp":"2025-07-23 22:41:55"}
{"level":"info","message":"Loading indicator disappeared","selector":".progress-bar","service":"flashscore-scraper","timestamp":"2025-07-23 22:41:55"}
{"level":"info","message":"Loading indicator disappeared","selector":".skeleton-loader","service":"flashscore-scraper","timestamp":"2025-07-23 22:41:55"}
{"duration":5,"level":"info","message":"Dynamic content loaded successfully","service":"flashscore-scraper","timestamp":"2025-07-23 22:41:55"}
{"action":"click","level":"info","message":"Detecting and interacting with element","retryCount":2,"selectors":[".button",".btn"],"service":"flashscore-scraper","timestamp":"2025-07-23 22:41:55"}
{"action":"click","attempt":1,"level":"info","message":"Element interaction successful","selector":".button","service":"flashscore-scraper","timestamp":"2025-07-23 22:41:55"}
{"action":"hover","level":"info","message":"Detecting and interacting with element","retryCount":2,"selectors":[".button",".btn"],"service":"flashscore-scraper","timestamp":"2025-07-23 22:41:55"}
{"action":"hover","attempt":1,"level":"info","message":"Element interaction successful","selector":".button","service":"flashscore-scraper","timestamp":"2025-07-23 22:41:55"}
{"action":"fill","level":"info","message":"Detecting and interacting with element","retryCount":2,"selectors":[".button",".btn"],"service":"flashscore-scraper","timestamp":"2025-07-23 22:41:55"}
{"action":"fill","attempt":1,"level":"info","message":"Element interaction successful","selector":".button","service":"flashscore-scraper","timestamp":"2025-07-23 22:41:55"}
{"itemSelector":".item","level":"info","maxItems":15,"maxScrollTime":1000,"message":"Handling infinite scroll","service":"flashscore-scraper","timestamp":"2025-07-23 22:41:55"}
{"finalItemCount":5,"level":"info","message":"No new content detected, stopping infinite scroll","service":"flashscore-scraper","timestamp":"2025-07-23 22:41:55","totalScrolls":4}
{"duration":56,"finalItemCount":5,"level":"info","message":"Infinite scroll completed","service":"flashscore-scraper","timestamp":"2025-07-23 22:41:55","totalScrolls":4}
{"itemSelector":null,"level":"info","maxItems":null,"maxScrollTime":100,"message":"Handling infinite scroll","service":"flashscore-scraper","timestamp":"2025-07-23 22:41:55"}
{"duration":108,"finalItemCount":"unknown","level":"info","message":"Infinite scroll completed","service":"flashscore-scraper","timestamp":"2025-07-23 22:41:55","totalScrolls":7}
{"level":"info","message":"Waiting for page to be ready","service":"flashscore-scraper","timestamp":"2025-07-23 22:41:55"}
{"level":"info","message":"Page is ready","service":"flashscore-scraper","timestamp":"2025-07-23 22:41:55"}
{"level":"info","loadingIndicators":true,"message":"Starting smart wait","networkIdle":true,"selectors":[".content"],"service":"flashscore-scraper","timeout":1000,"timestamp":"2025-07-23 22:41:55"}
{"level":"info","message":"Waiting for any selector","selectors":[".content"],"service":"flashscore-scraper","timeout":1000,"timestamp":"2025-07-23 22:41:55"}
{"idleTime":2000,"level":"info","message":"Waiting for network idle","service":"flashscore-scraper","timeout":1000,"timestamp":"2025-07-23 22:41:55"}
{"level":"info","message":"Waiting for loading indicators to disappear","service":"flashscore-scraper","timestamp":"2025-07-23 22:41:55"}
{"level":"info","message":"Network idle achieved","service":"flashscore-scraper","timestamp":"2025-07-23 22:41:55"}
{"level":"info","message":"Smart wait completed successfully","service":"flashscore-scraper","timestamp":"2025-07-23 22:41:55"}
{"action":"click","level":"info","message":"Detecting and interacting with element","retryCount":1,"selectors":[".nonexistent"],"service":"flashscore-scraper","timestamp":"2025-07-23 22:41:55"}
{"level":"info","message":"Loading indicator disappeared","selector":".spinner","service":"flashscore-scraper","timestamp":"2025-07-23 22:41:55"}
{"level":"info","message":"Loading indicator disappeared","selector":".loader","service":"flashscore-scraper","timestamp":"2025-07-23 22:41:55"}
{"action":"click","attempt":1,"level":"info","message":"Element interaction successful","selector":".nonexistent","service":"flashscore-scraper","timestamp":"2025-07-23 22:41:55"}
{"action":"invalid-action","level":"info","message":"Detecting and interacting with element","retryCount":3,"selectors":[".button"],"service":"flashscore-scraper","timestamp":"2025-07-23 22:41:55"}
{"action":"invalid-action","attempt":1,"error":"Unsupported action: invalid-action","level":"warn","message":"Element interaction attempt failed","selector":".button","service":"flashscore-scraper","timestamp":"2025-07-23 22:41:55"}
{"level":"info","message":"Loading indicator disappeared","selector":".progress-bar","service":"flashscore-scraper","timestamp":"2025-07-23 22:41:55"}
{"level":"info","message":"Loading indicator disappeared","selector":".skeleton-loader","service":"flashscore-scraper","timestamp":"2025-07-23 22:41:55"}
{"action":"invalid-action","attempt":2,"error":"Unsupported action: invalid-action","level":"warn","message":"Element interaction attempt failed","selector":".button","service":"flashscore-scraper","timestamp":"2025-07-23 22:41:55"}
{"action":"invalid-action","attempt":3,"error":"Unsupported action: invalid-action","level":"warn","message":"Element interaction attempt failed","selector":".button","service":"flashscore-scraper","timestamp":"2025-07-23 22:41:55"}
{"level":"info","message":"Starting network interception","service":"flashscore-scraper","timestamp":"2025-07-23 22:44:51"}
{"level":"info","message":"Network interception started successfully","service":"flashscore-scraper","timestamp":"2025-07-23 22:44:51"}
{"level":"info","message":"Stopping network interception","service":"flashscore-scraper","timestamp":"2025-07-23 22:44:51"}
{"level":"info","message":"Network interception stopped successfully","service":"flashscore-scraper","timestamp":"2025-07-23 22:44:51"}
{"level":"info","message":"Starting network interception","service":"flashscore-scraper","timestamp":"2025-07-23 22:44:51"}
{"level":"info","message":"Network interception started successfully","service":"flashscore-scraper","timestamp":"2025-07-23 22:44:51"}
{"level":"warn","message":"Network interception already active","service":"flashscore-scraper","timestamp":"2025-07-23 22:44:51"}
{"level":"info","message":"Stopping network interception","service":"flashscore-scraper","timestamp":"2025-07-23 22:44:51"}
{"level":"info","message":"Network interception stopped successfully","service":"flashscore-scraper","timestamp":"2025-07-23 22:44:51"}
{"level":"info","message":"Starting network interception","service":"flashscore-scraper","timestamp":"2025-07-23 22:44:51"}
{"level":"info","message":"Network interception started successfully","service":"flashscore-scraper","timestamp":"2025-07-23 22:44:51"}
{"level":"info","message":"API endpoint discovered","method":"GET","service":"flashscore-scraper","timestamp":"2025-07-23 22:44:51","url":"https://flashscore.com/api/matches"}
{"level":"info","message":"Stopping network interception","service":"flashscore-scraper","timestamp":"2025-07-23 22:44:51"}
{"level":"info","message":"Network interception stopped successfully","service":"flashscore-scraper","timestamp":"2025-07-23 22:44:51"}
{"level":"info","message":"Starting network interception","service":"flashscore-scraper","timestamp":"2025-07-23 22:44:51"}
{"level":"info","message":"Network interception started successfully","service":"flashscore-scraper","timestamp":"2025-07-23 22:44:51"}
{"level":"info","message":"JSON response captured","service":"flashscore-scraper","size":15,"status":200,"timestamp":"2025-07-23 22:44:51","url":"https://flashscore.com/api/matches"}
{"level":"info","message":"Stopping network interception","service":"flashscore-scraper","timestamp":"2025-07-23 22:44:52"}
{"level":"info","message":"Network interception stopped successfully","service":"flashscore-scraper","timestamp":"2025-07-23 22:44:52"}
{"level":"info","message":"Starting network interception","service":"flashscore-scraper","timestamp":"2025-07-23 22:44:52"}
{"level":"info","message":"Network interception started successfully","service":"flashscore-scraper","timestamp":"2025-07-23 22:44:52"}
{"connectionId":1753303492021.0789,"level":"info","message":"WebSocket connection detected","service":"flashscore-scraper","timestamp":"2025-07-23 22:44:52","url":"wss://flashscore.com/live"}
{"connectionId":1753303492021.0789,"level":"info","message":"WebSocket JSON message received","messageType":"match_update","service":"flashscore-scraper","timestamp":"2025-07-23 22:44:52","url":"wss://flashscore.com/live"}
{"connectionId":1753303492021.0789,"level":"info","message":"WebSocket JSON message sent","messageType":"subscribe","service":"flashscore-scraper","timestamp":"2025-07-23 22:44:52","url":"wss://flashscore.com/live"}
{"level":"info","message":"Stopping network interception","service":"flashscore-scraper","timestamp":"2025-07-23 22:44:52"}
{"level":"info","message":"Network interception stopped successfully","service":"flashscore-scraper","timestamp":"2025-07-23 22:44:52"}
{"level":"info","message":"Starting network interception","service":"flashscore-scraper","timestamp":"2025-07-23 22:44:52"}
{"level":"info","message":"Network interception started successfully","service":"flashscore-scraper","timestamp":"2025-07-23 22:44:52"}
{"level":"info","message":"API endpoint discovered","method":"GET","service":"flashscore-scraper","timestamp":"2025-07-23 22:44:52","url":"https://flashscore.com/api/matches"}
{"level":"info","message":"Captured network data cleared","service":"flashscore-scraper","timestamp":"2025-07-23 22:44:52"}
{"level":"info","message":"Stopping network interception","service":"flashscore-scraper","timestamp":"2025-07-23 22:44:52"}
{"level":"info","message":"JSON response captured","service":"flashscore-scraper","size":16,"status":200,"timestamp":"2025-07-23 22:44:52","url":"https://flashscore.com/api/matches"}
{"level":"info","message":"Network interception stopped successfully","service":"flashscore-scraper","timestamp":"2025-07-23 22:44:52"}
{"level":"warn","matchId":"match_arsenal-chelsea_2022-01-01","message":"Match validation warnings","service":"flashscore-scraper","timestamp":"2025-07-23 22:51:16"}
{"level":"info","message":"Successfully parsed 1 matches from HTML","service":"flashscore-scraper","timestamp":"2025-07-23 22:51:16","url":"https://flashscore.com/test"}
{"level":"warn","matchId":"match_arsenal-chelsea_unknown","message":"Match validation warnings","service":"flashscore-scraper","timestamp":"2025-07-23 22:51:16"}
{"level":"warn","matchId":"match_liverpool-manchestercity_unknown","message":"Match validation warnings","service":"flashscore-scraper","timestamp":"2025-07-23 22:51:16"}
{"level":"info","message":"Successfully parsed 2 matches from HTML","service":"flashscore-scraper","timestamp":"2025-07-23 22:51:16","url":""}
{"leagueId":"league_england_premierleague_202324","level":"warn","message":"League validation warnings","service":"flashscore-scraper","timestamp":"2025-07-23 22:51:16"}
{"level":"info","message":"Successfully parsed 1 leagues from HTML","service":"flashscore-scraper","timestamp":"2025-07-23 22:51:16","url":"https://flashscore.com/premier-league"}
{"eventId":"event_match_123_goal_25_bukayosaka","level":"warn","message":"Event validation warnings","service":"flashscore-scraper","timestamp":"2025-07-23 22:51:16"}
{"eventId":"event_match_123_yellow_card_67_masonmount","level":"warn","message":"Event validation warnings","service":"flashscore-scraper","timestamp":"2025-07-23 22:51:16"}
{"level":"info","matchId":"match_123","message":"Successfully parsed 2 events from HTML","service":"flashscore-scraper","timestamp":"2025-07-23 22:51:16","url":""}
{"level":"warn","message":"No match elements found in HTML","service":"flashscore-scraper","timestamp":"2025-07-23 22:51:16","url":""}
{"level":"warn","message":"No league elements found in HTML","service":"flashscore-scraper","timestamp":"2025-07-23 22:51:16","url":""}
{"level":"warn","matchId":"match_123","message":"No event elements found in HTML","service":"flashscore-scraper","timestamp":"2025-07-23 22:51:16","url":""}
{"error":"cheerio.load() expects a string","level":"error","message":"Error parsing match data from HTML","service":"flashscore-scraper","timestamp":"2025-07-23 22:51:16","url":""}
{"level":"error","message":"Error parsing JSON response: Unexpected token 'i', \"invalid json\" is not valid JSON","service":"flashscore-scraper","stack":"SyntaxError: Unexpected token 'i', \"invalid json\" is not valid JSON\n    at JSON.parse (<anonymous>)\n    at APIParser.parseJSONResponse (C:\\Users\\susut\\Documents\\code\\2025\\flashscore\\src\\parser\\APIParser.js:31:21)\n    at C:\\Users\\susut\\Documents\\code\\2025\\flashscore\\tests\\test-api-parser.js:83:16\n    at Proxy.assertThrows (file:///C:/Users/susut/Documents/code/2025/flashscore/node_modules/chai/chai.js:2787:5)\n    at Proxy.methodWrapper (file:///C:/Users/susut/Documents/code/2025/flashscore/node_modules/chai/chai.js:1706:25)\n    at Context.<anonymous> (C:\\Users\\susut\\Documents\\code\\2025\\flashscore\\tests\\test-api-parser.js:84:18)\n    at callFn (C:\\Users\\susut\\Documents\\code\\2025\\flashscore\\node_modules\\mocha\\lib\\runnable.js:366:21)\n    at Runnable.run (C:\\Users\\susut\\Documents\\code\\2025\\flashscore\\node_modules\\mocha\\lib\\runnable.js:354:5)\n    at Runner.runTest (C:\\Users\\susut\\Documents\\code\\2025\\flashscore\\node_modules\\mocha\\lib\\runner.js:715:10)\n    at C:\\Users\\susut\\Documents\\code\\2025\\flashscore\\node_modules\\mocha\\lib\\runner.js:838:12\n    at next (C:\\Users\\susut\\Documents\\code\\2025\\flashscore\\node_modules\\mocha\\lib\\runner.js:630:14)\n    at C:\\Users\\susut\\Documents\\code\\2025\\flashscore\\node_modules\\mocha\\lib\\runner.js:640:7\n    at next (C:\\Users\\susut\\Documents\\code\\2025\\flashscore\\node_modules\\mocha\\lib\\runner.js:523:14)\n    at Immediate._onImmediate (C:\\Users\\susut\\Documents\\code\\2025\\flashscore\\node_modules\\mocha\\lib\\runner.js:608:5)\n    at process.processImmediate (node:internal/timers:483:21)","timestamp":"2025-07-23 23:17:47"}
{"level":"error","message":"Error parsing JSON response: Invalid response format","service":"flashscore-scraper","stack":"Error: Invalid response format\n    at APIParser.parseJSONResponse (C:\\Users\\susut\\Documents\\code\\2025\\flashscore\\src\\parser\\APIParser.js:35:15)\n    at C:\\Users\\susut\\Documents\\code\\2025\\flashscore\\tests\\test-api-parser.js:89:16\n    at Proxy.assertThrows (file:///C:/Users/susut/Documents/code/2025/flashscore/node_modules/chai/chai.js:2787:5)\n    at Proxy.methodWrapper (file:///C:/Users/susut/Documents/code/2025/flashscore/node_modules/chai/chai.js:1706:25)\n    at Context.<anonymous> (C:\\Users\\susut\\Documents\\code\\2025\\flashscore\\tests\\test-api-parser.js:90:18)\n    at callFn (C:\\Users\\susut\\Documents\\code\\2025\\flashscore\\node_modules\\mocha\\lib\\runnable.js:366:21)\n    at Runnable.run (C:\\Users\\susut\\Documents\\code\\2025\\flashscore\\node_modules\\mocha\\lib\\runnable.js:354:5)\n    at Runner.runTest (C:\\Users\\susut\\Documents\\code\\2025\\flashscore\\node_modules\\mocha\\lib\\runner.js:715:10)\n    at C:\\Users\\susut\\Documents\\code\\2025\\flashscore\\node_modules\\mocha\\lib\\runner.js:838:12\n    at next (C:\\Users\\susut\\Documents\\code\\2025\\flashscore\\node_modules\\mocha\\lib\\runner.js:630:14)\n    at C:\\Users\\susut\\Documents\\code\\2025\\flashscore\\node_modules\\mocha\\lib\\runner.js:640:7\n    at next (C:\\Users\\susut\\Documents\\code\\2025\\flashscore\\node_modules\\mocha\\lib\\runner.js:523:14)\n    at Immediate._onImmediate (C:\\Users\\susut\\Documents\\code\\2025\\flashscore\\node_modules\\mocha\\lib\\runner.js:608:5)\n    at process.processImmediate (node:internal/timers:483:21)","timestamp":"2025-07-23 23:17:47"}
{"level":"warn","message":"Unknown WebSocket message type: unknown_type","service":"flashscore-scraper","timestamp":"2025-07-23 23:17:47"}
{"level":"error","message":"Error parsing WebSocket message: Unexpected token 'i', \"invalid json\" is not valid JSON","service":"flashscore-scraper","stack":"SyntaxError: Unexpected token 'i', \"invalid json\" is not valid JSON\n    at JSON.parse (<anonymous>)\n    at APIParser.parseWebSocketMessage (C:\\Users\\susut\\Documents\\code\\2025\\flashscore\\src\\parser\\APIParser.js:71:21)\n    at C:\\Users\\susut\\Documents\\code\\2025\\flashscore\\tests\\test-api-parser.js:148:16\n    at Proxy.assertThrows (file:///C:/Users/susut/Documents/code/2025/flashscore/node_modules/chai/chai.js:2787:5)\n    at Proxy.methodWrapper (file:///C:/Users/susut/Documents/code/2025/flashscore/node_modules/chai/chai.js:1706:25)\n    at Context.<anonymous> (C:\\Users\\susut\\Documents\\code\\2025\\flashscore\\tests\\test-api-parser.js:149:18)\n    at callFn (C:\\Users\\susut\\Documents\\code\\2025\\flashscore\\node_modules\\mocha\\lib\\runnable.js:366:21)\n    at Runnable.run (C:\\Users\\susut\\Documents\\code\\2025\\flashscore\\node_modules\\mocha\\lib\\runnable.js:354:5)\n    at Runner.runTest (C:\\Users\\susut\\Documents\\code\\2025\\flashscore\\node_modules\\mocha\\lib\\runner.js:715:10)\n    at C:\\Users\\susut\\Documents\\code\\2025\\flashscore\\node_modules\\mocha\\lib\\runner.js:838:12\n    at next (C:\\Users\\susut\\Documents\\code\\2025\\flashscore\\node_modules\\mocha\\lib\\runner.js:630:14)\n    at C:\\Users\\susut\\Documents\\code\\2025\\flashscore\\node_modules\\mocha\\lib\\runner.js:640:7\n    at next (C:\\Users\\susut\\Documents\\code\\2025\\flashscore\\node_modules\\mocha\\lib\\runner.js:523:14)\n    at Immediate._onImmediate (C:\\Users\\susut\\Documents\\code\\2025\\flashscore\\node_modules\\mocha\\lib\\runner.js:608:5)\n    at process.processImmediate (node:internal/timers:483:21)","timestamp":"2025-07-23 23:17:47"}
{"level":"error","message":"Error parsing JSON response: Unexpected token 'i', \"invalid json\" is not valid JSON","service":"flashscore-scraper","stack":"SyntaxError: Unexpected token 'i', \"invalid json\" is not valid JSON\n    at JSON.parse (<anonymous>)\n    at APIParser.parseJSONResponse (C:\\Users\\susut\\Documents\\code\\2025\\flashscore\\src\\parser\\APIParser.js:31:21)\n    at C:\\Users\\susut\\Documents\\code\\2025\\flashscore\\tests\\test-api-parser.js:83:16\n    at Proxy.assertThrows (file:///C:/Users/susut/Documents/code/2025/flashscore/node_modules/chai/chai.js:2787:5)\n    at Proxy.methodWrapper (file:///C:/Users/susut/Documents/code/2025/flashscore/node_modules/chai/chai.js:1706:25)\n    at Context.<anonymous> (C:\\Users\\susut\\Documents\\code\\2025\\flashscore\\tests\\test-api-parser.js:84:18)\n    at callFn (C:\\Users\\susut\\Documents\\code\\2025\\flashscore\\node_modules\\mocha\\lib\\runnable.js:366:21)\n    at Runnable.run (C:\\Users\\susut\\Documents\\code\\2025\\flashscore\\node_modules\\mocha\\lib\\runnable.js:354:5)\n    at Runner.runTest (C:\\Users\\susut\\Documents\\code\\2025\\flashscore\\node_modules\\mocha\\lib\\runner.js:715:10)\n    at C:\\Users\\susut\\Documents\\code\\2025\\flashscore\\node_modules\\mocha\\lib\\runner.js:838:12\n    at next (C:\\Users\\susut\\Documents\\code\\2025\\flashscore\\node_modules\\mocha\\lib\\runner.js:630:14)\n    at C:\\Users\\susut\\Documents\\code\\2025\\flashscore\\node_modules\\mocha\\lib\\runner.js:640:7\n    at next (C:\\Users\\susut\\Documents\\code\\2025\\flashscore\\node_modules\\mocha\\lib\\runner.js:523:14)\n    at Immediate._onImmediate (C:\\Users\\susut\\Documents\\code\\2025\\flashscore\\node_modules\\mocha\\lib\\runner.js:608:5)\n    at process.processImmediate (node:internal/timers:483:21)","timestamp":"2025-07-23 23:19:01"}
{"level":"error","message":"Error parsing JSON response: Invalid response format","service":"flashscore-scraper","stack":"Error: Invalid response format\n    at APIParser.parseJSONResponse (C:\\Users\\susut\\Documents\\code\\2025\\flashscore\\src\\parser\\APIParser.js:35:15)\n    at C:\\Users\\susut\\Documents\\code\\2025\\flashscore\\tests\\test-api-parser.js:89:16\n    at Proxy.assertThrows (file:///C:/Users/susut/Documents/code/2025/flashscore/node_modules/chai/chai.js:2787:5)\n    at Proxy.methodWrapper (file:///C:/Users/susut/Documents/code/2025/flashscore/node_modules/chai/chai.js:1706:25)\n    at Context.<anonymous> (C:\\Users\\susut\\Documents\\code\\2025\\flashscore\\tests\\test-api-parser.js:90:18)\n    at callFn (C:\\Users\\susut\\Documents\\code\\2025\\flashscore\\node_modules\\mocha\\lib\\runnable.js:366:21)\n    at Runnable.run (C:\\Users\\susut\\Documents\\code\\2025\\flashscore\\node_modules\\mocha\\lib\\runnable.js:354:5)\n    at Runner.runTest (C:\\Users\\susut\\Documents\\code\\2025\\flashscore\\node_modules\\mocha\\lib\\runner.js:715:10)\n    at C:\\Users\\susut\\Documents\\code\\2025\\flashscore\\node_modules\\mocha\\lib\\runner.js:838:12\n    at next (C:\\Users\\susut\\Documents\\code\\2025\\flashscore\\node_modules\\mocha\\lib\\runner.js:630:14)\n    at C:\\Users\\susut\\Documents\\code\\2025\\flashscore\\node_modules\\mocha\\lib\\runner.js:640:7\n    at next (C:\\Users\\susut\\Documents\\code\\2025\\flashscore\\node_modules\\mocha\\lib\\runner.js:523:14)\n    at Immediate._onImmediate (C:\\Users\\susut\\Documents\\code\\2025\\flashscore\\node_modules\\mocha\\lib\\runner.js:608:5)\n    at process.processImmediate (node:internal/timers:483:21)","timestamp":"2025-07-23 23:19:01"}
{"level":"warn","message":"Unknown WebSocket message type: unknown_type","service":"flashscore-scraper","timestamp":"2025-07-23 23:19:01"}
{"level":"error","message":"Error parsing WebSocket message: Unexpected token 'i', \"invalid json\" is not valid JSON","service":"flashscore-scraper","stack":"SyntaxError: Unexpected token 'i', \"invalid json\" is not valid JSON\n    at JSON.parse (<anonymous>)\n    at APIParser.parseWebSocketMessage (C:\\Users\\susut\\Documents\\code\\2025\\flashscore\\src\\parser\\APIParser.js:71:21)\n    at C:\\Users\\susut\\Documents\\code\\2025\\flashscore\\tests\\test-api-parser.js:148:16\n    at Proxy.assertThrows (file:///C:/Users/susut/Documents/code/2025/flashscore/node_modules/chai/chai.js:2787:5)\n    at Proxy.methodWrapper (file:///C:/Users/susut/Documents/code/2025/flashscore/node_modules/chai/chai.js:1706:25)\n    at Context.<anonymous> (C:\\Users\\susut\\Documents\\code\\2025\\flashscore\\tests\\test-api-parser.js:149:18)\n    at callFn (C:\\Users\\susut\\Documents\\code\\2025\\flashscore\\node_modules\\mocha\\lib\\runnable.js:366:21)\n    at Runnable.run (C:\\Users\\susut\\Documents\\code\\2025\\flashscore\\node_modules\\mocha\\lib\\runnable.js:354:5)\n    at Runner.runTest (C:\\Users\\susut\\Documents\\code\\2025\\flashscore\\node_modules\\mocha\\lib\\runner.js:715:10)\n    at C:\\Users\\susut\\Documents\\code\\2025\\flashscore\\node_modules\\mocha\\lib\\runner.js:838:12\n    at next (C:\\Users\\susut\\Documents\\code\\2025\\flashscore\\node_modules\\mocha\\lib\\runner.js:630:14)\n    at C:\\Users\\susut\\Documents\\code\\2025\\flashscore\\node_modules\\mocha\\lib\\runner.js:640:7\n    at next (C:\\Users\\susut\\Documents\\code\\2025\\flashscore\\node_modules\\mocha\\lib\\runner.js:523:14)\n    at Immediate._onImmediate (C:\\Users\\susut\\Documents\\code\\2025\\flashscore\\node_modules\\mocha\\lib\\runner.js:608:5)\n    at process.processImmediate (node:internal/timers:483:21)","timestamp":"2025-07-23 23:19:01"}
{"level":"warn","matchId":"match_arsenal-chelsea_unknown","message":"Match validation warnings","service":"flashscore-scraper","timestamp":"2025-07-23 23:37:32"}
{"level":"info","message":"Successfully parsed 1 matches from HTML","service":"flashscore-scraper","timestamp":"2025-07-23 23:37:32","url":"https://flashscore.com/test"}
{"context":"test-retry","details":{"attempt":1,"context":"test-retry","handledAt":"2025-07-23T22:11:10.437Z","maxRetries":3,"memoryUsage":{"arrayBuffers":12531,"external":1650015,"heapTotal":11321344,"heapUsed":6755232,"rss":47022080},"originalError":{"message":"Connection failed","name":"NetworkError","stack":"NetworkError: Connection failed\n    at C:\\Users\\susut\\Documents\\code\\2025\\flashscore\\test-retry-manager-manual.js:35:17\n    at C:\\Users\\susut\\Documents\\code\\2025\\flashscore\\src\\utils\\retry-manager.js:196:24\n    at CircuitBreaker.execute (C:\\Users\\susut\\Documents\\code\\2025\\flashscore\\src\\utils\\retry-manager.js:46:28)\n    at RetryManager.executeWithRetry (C:\\Users\\susut\\Documents\\code\\2025\\flashscore\\src\\utils\\retry-manager.js:194:45)\n    at runTests (C:\\Users\\susut\\Documents\\code\\2025\\flashscore\\test-retry-manager-manual.js:31:39)\n    at process.processTicksAndRejections (node:internal/process/task_queues:105:5)"},"processId":6384,"uptime":0.1548577},"errorCode":"UNKNOWN_ERROR","errorName":"ScraperError","level":"error","message":"Unknown error occurred Connection failed","service":"flashscore-scraper","stack":"ScraperError: Connection failed\n    at ErrorHandler.createError (C:\\Users\\susut\\Documents\\code\\2025\\flashscore\\src\\utils\\errors.js:398:12)\n    at ErrorHandler.handle (C:\\Users\\susut\\Documents\\code\\2025\\flashscore\\src\\utils\\errors.js:126:34)\n    at RetryManager.executeWithRetry (C:\\Users\\susut\\Documents\\code\\2025\\flashscore\\src\\utils\\retry-manager.js:206:39)\n    at process.processTicksAndRejections (node:internal/process/task_queues:105:5)\n    at async runTests (C:\\Users\\susut\\Documents\\code\\2025\\flashscore\\test-retry-manager-manual.js:31:20)","timestamp":"2025-07-24 00:11:10"}
{"attempt":1,"error":"UNKNOWN_ERROR","level":"warn","message":"test-retry failed with non-retryable error Connection failed","service":"flashscore-scraper","timestamp":"2025-07-24 00:11:10"}
{"context":"test-non-retryable","details":{"attempt":1,"context":"test-non-retryable","handledAt":"2025-07-23T22:11:10.440Z","maxRetries":3,"memoryUsage":{"arrayBuffers":12531,"external":1650055,"heapTotal":11321344,"heapUsed":6926992,"rss":47214592},"originalError":{"message":"Config missing","name":"ConfigurationError","stack":"ConfigurationError: Config missing\n    at C:\\Users\\susut\\Documents\\code\\2025\\flashscore\\test-retry-manager-manual.js:54:15\n    at C:\\Users\\susut\\Documents\\code\\2025\\flashscore\\src\\utils\\retry-manager.js:196:24\n    at CircuitBreaker.execute (C:\\Users\\susut\\Documents\\code\\2025\\flashscore\\src\\utils\\retry-manager.js:46:28)\n    at RetryManager.executeWithRetry (C:\\Users\\susut\\Documents\\code\\2025\\flashscore\\src\\utils\\retry-manager.js:194:45)\n    at runTests (C:\\Users\\susut\\Documents\\code\\2025\\flashscore\\test-retry-manager-manual.js:51:24)\n    at process.processTicksAndRejections (node:internal/process/task_queues:105:5)"},"processId":6384,"uptime":0.1585283},"errorCode":"UNKNOWN_ERROR","errorName":"ScraperError","level":"error","message":"Unknown error occurred Config missing","service":"flashscore-scraper","stack":"ScraperError: Config missing\n    at ErrorHandler.createError (C:\\Users\\susut\\Documents\\code\\2025\\flashscore\\src\\utils\\errors.js:398:12)\n    at ErrorHandler.handle (C:\\Users\\susut\\Documents\\code\\2025\\flashscore\\src\\utils\\errors.js:126:34)\n    at RetryManager.executeWithRetry (C:\\Users\\susut\\Documents\\code\\2025\\flashscore\\src\\utils\\retry-manager.js:206:39)\n    at process.processTicksAndRejections (node:internal/process/task_queues:105:5)\n    at async runTests (C:\\Users\\susut\\Documents\\code\\2025\\flashscore\\test-retry-manager-manual.js:51:5)","timestamp":"2025-07-24 00:11:10"}
{"attempt":1,"error":"UNKNOWN_ERROR","level":"warn","message":"test-non-retryable failed with non-retryable error Config missing","service":"flashscore-scraper","timestamp":"2025-07-24 00:11:10"}
{"context":"test-exhaust","details":{"attempt":1,"context":"test-exhaust","handledAt":"2025-07-23T22:11:10.445Z","maxRetries":3,"memoryUsage":{"arrayBuffers":20723,"external":1658247,"heapTotal":11321344,"heapUsed":7049928,"rss":47284224},"originalError":{"message":"Always fails","name":"NetworkError","stack":"NetworkError: Always fails\n    at C:\\Users\\susut\\Documents\\code\\2025\\flashscore\\test-retry-manager-manual.js:71:15\n    at C:\\Users\\susut\\Documents\\code\\2025\\flashscore\\src\\utils\\retry-manager.js:196:24\n    at CircuitBreaker.execute (C:\\Users\\susut\\Documents\\code\\2025\\flashscore\\src\\utils\\retry-manager.js:46:28)\n    at RetryManager.executeWithRetry (C:\\Users\\susut\\Documents\\code\\2025\\flashscore\\src\\utils\\retry-manager.js:194:45)\n    at runTests (C:\\Users\\susut\\Documents\\code\\2025\\flashscore\\test-retry-manager-manual.js:68:24)\n    at process.processTicksAndRejections (node:internal/process/task_queues:105:5)"},"processId":6384,"uptime":0.1630765},"errorCode":"UNKNOWN_ERROR","errorName":"ScraperError","level":"error","message":"Unknown error occurred Always fails","service":"flashscore-scraper","stack":"ScraperError: Always fails\n    at ErrorHandler.createError (C:\\Users\\susut\\Documents\\code\\2025\\flashscore\\src\\utils\\errors.js:398:12)\n    at ErrorHandler.handle (C:\\Users\\susut\\Documents\\code\\2025\\flashscore\\src\\utils\\errors.js:126:34)\n    at RetryManager.executeWithRetry (C:\\Users\\susut\\Documents\\code\\2025\\flashscore\\src\\utils\\retry-manager.js:206:39)\n    at process.processTicksAndRejections (node:internal/process/task_queues:105:5)\n    at async runTests (C:\\Users\\susut\\Documents\\code\\2025\\flashscore\\test-retry-manager-manual.js:68:5)","timestamp":"2025-07-24 00:11:10"}
{"attempt":1,"error":"UNKNOWN_ERROR","level":"warn","message":"test-exhaust failed with non-retryable error Always fails","service":"flashscore-scraper","timestamp":"2025-07-24 00:11:10"}
{"context":"custom","details":{"attempt":1,"context":"custom","handledAt":"2025-07-23T22:11:10.447Z","maxRetries":2,"memoryUsage":{"arrayBuffers":20723,"external":1658247,"heapTotal":11321344,"heapUsed":7145352,"rss":47341568},"originalError":{"message":"Custom policy test","name":"NetworkError","stack":"NetworkError: Custom policy test\n    at C:\\Users\\susut\\Documents\\code\\2025\\flashscore\\test-retry-manager-manual.js:94:15\n    at C:\\Users\\susut\\Documents\\code\\2025\\flashscore\\src\\utils\\retry-manager.js:196:24\n    at CircuitBreaker.execute (C:\\Users\\susut\\Documents\\code\\2025\\flashscore\\src\\utils\\retry-manager.js:46:28)\n    at RetryManager.executeWithRetry (C:\\Users\\susut\\Documents\\code\\2025\\flashscore\\src\\utils\\retry-manager.js:194:45)\n    at runTests (C:\\Users\\susut\\Documents\\code\\2025\\flashscore\\test-retry-manager-manual.js:91:24)\n    at process.processTicksAndRejections (node:internal/process/task_queues:105:5)"},"processId":6384,"uptime":0.1655709},"errorCode":"UNKNOWN_ERROR","errorName":"ScraperError","level":"error","message":"Unknown error occurred Custom policy test","service":"flashscore-scraper","stack":"ScraperError: Custom policy test\n    at ErrorHandler.createError (C:\\Users\\susut\\Documents\\code\\2025\\flashscore\\src\\utils\\errors.js:398:12)\n    at ErrorHandler.handle (C:\\Users\\susut\\Documents\\code\\2025\\flashscore\\src\\utils\\errors.js:126:34)\n    at RetryManager.executeWithRetry (C:\\Users\\susut\\Documents\\code\\2025\\flashscore\\src\\utils\\retry-manager.js:206:39)\n    at process.processTicksAndRejections (node:internal/process/task_queues:105:5)\n    at async runTests (C:\\Users\\susut\\Documents\\code\\2025\\flashscore\\test-retry-manager-manual.js:91:5)","timestamp":"2025-07-24 00:11:10"}
{"attempt":1,"error":"UNKNOWN_ERROR","level":"warn","message":"custom failed with non-retryable error Custom policy test","service":"flashscore-scraper","timestamp":"2025-07-24 00:11:10"}
{"context":"circuit-test","details":{"attempt":1,"context":"circuit-test","handledAt":"2025-07-23T22:11:10.449Z","maxRetries":3,"memoryUsage":{"arrayBuffers":28915,"external":1666439,"heapTotal":11321344,"heapUsed":7518888,"rss":47411200},"originalError":{"message":"Circuit breaker test","name":"NetworkError","stack":"NetworkError: Circuit breaker test\n    at C:\\Users\\susut\\Documents\\code\\2025\\flashscore\\test-retry-manager-manual.js:119:15\n    at C:\\Users\\susut\\Documents\\code\\2025\\flashscore\\src\\utils\\retry-manager.js:196:24\n    at CircuitBreaker.execute (C:\\Users\\susut\\Documents\\code\\2025\\flashscore\\src\\utils\\retry-manager.js:46:28)\n    at RetryManager.executeWithRetry (C:\\Users\\susut\\Documents\\code\\2025\\flashscore\\src\\utils\\retry-manager.js:194:45)\n    at runTests (C:\\Users\\susut\\Documents\\code\\2025\\flashscore\\test-retry-manager-manual.js:116:24)\n    at process.processTicksAndRejections (node:internal/process/task_queues:105:5)"},"processId":6384,"uptime":0.1673697},"errorCode":"UNKNOWN_ERROR","errorName":"ScraperError","level":"error","message":"Unknown error occurred Circuit breaker test","service":"flashscore-scraper","stack":"ScraperError: Circuit breaker test\n    at ErrorHandler.createError (C:\\Users\\susut\\Documents\\code\\2025\\flashscore\\src\\utils\\errors.js:398:12)\n    at ErrorHandler.handle (C:\\Users\\susut\\Documents\\code\\2025\\flashscore\\src\\utils\\errors.js:126:34)\n    at RetryManager.executeWithRetry (C:\\Users\\susut\\Documents\\code\\2025\\flashscore\\src\\utils\\retry-manager.js:206:39)\n    at process.processTicksAndRejections (node:internal/process/task_queues:105:5)\n    at async runTests (C:\\Users\\susut\\Documents\\code\\2025\\flashscore\\test-retry-manager-manual.js:116:5)","timestamp":"2025-07-24 00:11:10"}
{"attempt":1,"error":"UNKNOWN_ERROR","level":"warn","message":"circuit-test failed with non-retryable error Circuit breaker test","service":"flashscore-scraper","timestamp":"2025-07-24 00:11:10"}
{"context":"rate-limit-test","details":{"attempt":1,"context":"rate-limit-test","handledAt":"2025-07-23T22:11:10.451Z","maxRetries":2,"memoryUsage":{"arrayBuffers":28915,"external":1666439,"heapTotal":11321344,"heapUsed":7312128,"rss":47493120},"originalError":{"message":"Rate limited","name":"RateLimitError","stack":"RateLimitError: Rate limited\n    at retryManager.executeWithRetry.maxRetries (C:\\Users\\susut\\Documents\\code\\2025\\flashscore\\test-retry-manager-manual.js:149:15)\n    at C:\\Users\\susut\\Documents\\code\\2025\\flashscore\\src\\utils\\retry-manager.js:196:24\n    at CircuitBreaker.execute (C:\\Users\\susut\\Documents\\code\\2025\\flashscore\\src\\utils\\retry-manager.js:46:28)\n    at RetryManager.executeWithRetry (C:\\Users\\susut\\Documents\\code\\2025\\flashscore\\src\\utils\\retry-manager.js:194:45)\n    at runTests (C:\\Users\\susut\\Documents\\code\\2025\\flashscore\\test-retry-manager-manual.js:147:24)\n    at process.processTicksAndRejections (node:internal/process/task_queues:105:5)"},"processId":6384,"uptime":0.1690527},"errorCode":"UNKNOWN_ERROR","errorName":"ScraperError","level":"error","message":"Unknown error occurred Rate limited","service":"flashscore-scraper","stack":"ScraperError: Rate limited\n    at ErrorHandler.createError (C:\\Users\\susut\\Documents\\code\\2025\\flashscore\\src\\utils\\errors.js:398:12)\n    at ErrorHandler.handle (C:\\Users\\susut\\Documents\\code\\2025\\flashscore\\src\\utils\\errors.js:126:34)\n    at RetryManager.executeWithRetry (C:\\Users\\susut\\Documents\\code\\2025\\flashscore\\src\\utils\\retry-manager.js:206:39)\n    at process.processTicksAndRejections (node:internal/process/task_queues:105:5)\n    at async runTests (C:\\Users\\susut\\Documents\\code\\2025\\flashscore\\test-retry-manager-manual.js:147:5)","timestamp":"2025-07-24 00:11:10"}
{"attempt":1,"error":"UNKNOWN_ERROR","level":"warn","message":"rate-limit-test failed with non-retryable error Rate limited","service":"flashscore-scraper","timestamp":"2025-07-24 00:11:10"}
{"context":"wrapper-test","details":{"attempt":1,"context":"wrapper-test","handledAt":"2025-07-23T22:11:10.454Z","maxRetries":3,"memoryUsage":{"arrayBuffers":37107,"external":1674631,"heapTotal":11321344,"heapUsed":7426200,"rss":47587328},"originalError":{"message":"Wrapper test failure","name":"NetworkError","stack":"NetworkError: Wrapper test failure\n    at originalFunction (C:\\Users\\susut\\Documents\\code\\2025\\flashscore\\test-retry-manager-manual.js:173:13)\n    at C:\\Users\\susut\\Documents\\code\\2025\\flashscore\\src\\utils\\retry-manager.js:358:44\n    at C:\\Users\\susut\\Documents\\code\\2025\\flashscore\\src\\utils\\retry-manager.js:196:24\n    at CircuitBreaker.execute (C:\\Users\\susut\\Documents\\code\\2025\\flashscore\\src\\utils\\retry-manager.js:46:28)\n    at RetryManager.executeWithRetry (C:\\Users\\susut\\Documents\\code\\2025\\flashscore\\src\\utils\\retry-manager.js:194:45)\n    at C:\\Users\\susut\\Documents\\code\\2025\\flashscore\\src\\utils\\retry-manager.js:358:21\n    at runTests (C:\\Users\\susut\\Documents\\code\\2025\\flashscore\\test-retry-manager-manual.js:182:26)\n    at process.processTicksAndRejections (node:internal/process/task_queues:105:5)"},"processId":6384,"uptime":0.1721285},"errorCode":"UNKNOWN_ERROR","errorName":"ScraperError","level":"error","message":"Unknown error occurred Wrapper test failure","service":"flashscore-scraper","stack":"ScraperError: Wrapper test failure\n    at ErrorHandler.createError (C:\\Users\\susut\\Documents\\code\\2025\\flashscore\\src\\utils\\errors.js:398:12)\n    at ErrorHandler.handle (C:\\Users\\susut\\Documents\\code\\2025\\flashscore\\src\\utils\\errors.js:126:34)\n    at RetryManager.executeWithRetry (C:\\Users\\susut\\Documents\\code\\2025\\flashscore\\src\\utils\\retry-manager.js:206:39)\n    at process.processTicksAndRejections (node:internal/process/task_queues:105:5)\n    at async runTests (C:\\Users\\susut\\Documents\\code\\2025\\flashscore\\test-retry-manager-manual.js:182:20)","timestamp":"2025-07-24 00:11:10"}
{"attempt":1,"error":"UNKNOWN_ERROR","level":"warn","message":"wrapper-test failed with non-retryable error Wrapper test failure","service":"flashscore-scraper","timestamp":"2025-07-24 00:11:10"}
{"context":"test-retry","details":{"attempt":1,"context":"test-retry","handledAt":"2025-07-23T22:12:05.907Z","maxRetries":3,"memoryUsage":{"arrayBuffers":12531,"external":1650015,"heapTotal":11059200,"heapUsed":6744144,"rss":46972928},"originalError":{"message":"Connection failed","name":"NetworkError","stack":"NetworkError: Connection failed\n    at C:\\Users\\susut\\Documents\\code\\2025\\flashscore\\test-retry-manager-manual.js:35:17\n    at C:\\Users\\susut\\Documents\\code\\2025\\flashscore\\src\\utils\\retry-manager.js:196:24\n    at CircuitBreaker.execute (C:\\Users\\susut\\Documents\\code\\2025\\flashscore\\src\\utils\\retry-manager.js:46:28)\n    at RetryManager.executeWithRetry (C:\\Users\\susut\\Documents\\code\\2025\\flashscore\\src\\utils\\retry-manager.js:194:45)\n    at runTests (C:\\Users\\susut\\Documents\\code\\2025\\flashscore\\test-retry-manager-manual.js:31:39)\n    at process.processTicksAndRejections (node:internal/process/task_queues:105:5)"},"processId":4660,"uptime":0.1489803},"errorCode":"UNKNOWN_ERROR","errorName":"ScraperError","level":"error","message":"Unknown error occurred Connection failed","service":"flashscore-scraper","stack":"ScraperError: Connection failed\n    at ErrorHandler.createError (C:\\Users\\susut\\Documents\\code\\2025\\flashscore\\src\\utils\\errors.js:398:12)\n    at ErrorHandler.handle (C:\\Users\\susut\\Documents\\code\\2025\\flashscore\\src\\utils\\errors.js:126:34)\n    at RetryManager.executeWithRetry (C:\\Users\\susut\\Documents\\code\\2025\\flashscore\\src\\utils\\retry-manager.js:206:39)\n    at process.processTicksAndRejections (node:internal/process/task_queues:105:5)\n    at async runTests (C:\\Users\\susut\\Documents\\code\\2025\\flashscore\\test-retry-manager-manual.js:31:20)","timestamp":"2025-07-24 00:12:05"}
{"attempt":1,"error":"UNKNOWN_ERROR","level":"warn","message":"test-retry failed with non-retryable error Connection failed","service":"flashscore-scraper","timestamp":"2025-07-24 00:12:05"}
{"context":"test-non-retryable","details":{"attempt":1,"context":"test-non-retryable","handledAt":"2025-07-23T22:12:05.912Z","maxRetries":3,"memoryUsage":{"arrayBuffers":12531,"external":1650055,"heapTotal":11059200,"heapUsed":6916392,"rss":47235072},"originalError":{"message":"Config missing","name":"ConfigurationError","stack":"ConfigurationError: Config missing\n    at C:\\Users\\susut\\Documents\\code\\2025\\flashscore\\test-retry-manager-manual.js:54:15\n    at C:\\Users\\susut\\Documents\\code\\2025\\flashscore\\src\\utils\\retry-manager.js:196:24\n    at CircuitBreaker.execute (C:\\Users\\susut\\Documents\\code\\2025\\flashscore\\src\\utils\\retry-manager.js:46:28)\n    at RetryManager.executeWithRetry (C:\\Users\\susut\\Documents\\code\\2025\\flashscore\\src\\utils\\retry-manager.js:194:45)\n    at runTests (C:\\Users\\susut\\Documents\\code\\2025\\flashscore\\test-retry-manager-manual.js:51:24)\n    at process.processTicksAndRejections (node:internal/process/task_queues:105:5)"},"processId":4660,"uptime":0.1529644},"errorCode":"UNKNOWN_ERROR","errorName":"ScraperError","level":"error","message":"Unknown error occurred Config missing","service":"flashscore-scraper","stack":"ScraperError: Config missing\n    at ErrorHandler.createError (C:\\Users\\susut\\Documents\\code\\2025\\flashscore\\src\\utils\\errors.js:398:12)\n    at ErrorHandler.handle (C:\\Users\\susut\\Documents\\code\\2025\\flashscore\\src\\utils\\errors.js:126:34)\n    at RetryManager.executeWithRetry (C:\\Users\\susut\\Documents\\code\\2025\\flashscore\\src\\utils\\retry-manager.js:206:39)\n    at process.processTicksAndRejections (node:internal/process/task_queues:105:5)\n    at async runTests (C:\\Users\\susut\\Documents\\code\\2025\\flashscore\\test-retry-manager-manual.js:51:5)","timestamp":"2025-07-24 00:12:05"}
{"attempt":1,"error":"UNKNOWN_ERROR","level":"warn","message":"test-non-retryable failed with non-retryable error Config missing","service":"flashscore-scraper","timestamp":"2025-07-24 00:12:05"}
{"context":"test-exhaust","details":{"attempt":1,"context":"test-exhaust","handledAt":"2025-07-23T22:12:05.914Z","maxRetries":3,"memoryUsage":{"arrayBuffers":20723,"external":1658247,"heapTotal":11059200,"heapUsed":7040072,"rss":47308800},"originalError":{"message":"Always fails","name":"NetworkError","stack":"NetworkError: Always fails\n    at C:\\Users\\susut\\Documents\\code\\2025\\flashscore\\test-retry-manager-manual.js:71:15\n    at C:\\Users\\susut\\Documents\\code\\2025\\flashscore\\src\\utils\\retry-manager.js:196:24\n    at CircuitBreaker.execute (C:\\Users\\susut\\Documents\\code\\2025\\flashscore\\src\\utils\\retry-manager.js:46:28)\n    at RetryManager.executeWithRetry (C:\\Users\\susut\\Documents\\code\\2025\\flashscore\\src\\utils\\retry-manager.js:194:45)\n    at runTests (C:\\Users\\susut\\Documents\\code\\2025\\flashscore\\test-retry-manager-manual.js:68:24)\n    at process.processTicksAndRejections (node:internal/process/task_queues:105:5)"},"processId":4660,"uptime":0.1554917},"errorCode":"UNKNOWN_ERROR","errorName":"ScraperError","level":"error","message":"Unknown error occurred Always fails","service":"flashscore-scraper","stack":"ScraperError: Always fails\n    at ErrorHandler.createError (C:\\Users\\susut\\Documents\\code\\2025\\flashscore\\src\\utils\\errors.js:398:12)\n    at ErrorHandler.handle (C:\\Users\\susut\\Documents\\code\\2025\\flashscore\\src\\utils\\errors.js:126:34)\n    at RetryManager.executeWithRetry (C:\\Users\\susut\\Documents\\code\\2025\\flashscore\\src\\utils\\retry-manager.js:206:39)\n    at process.processTicksAndRejections (node:internal/process/task_queues:105:5)\n    at async runTests (C:\\Users\\susut\\Documents\\code\\2025\\flashscore\\test-retry-manager-manual.js:68:5)","timestamp":"2025-07-24 00:12:05"}
{"attempt":1,"error":"UNKNOWN_ERROR","level":"warn","message":"test-exhaust failed with non-retryable error Always fails","service":"flashscore-scraper","timestamp":"2025-07-24 00:12:05"}
{"context":"custom","details":{"attempt":1,"context":"custom","handledAt":"2025-07-23T22:12:05.917Z","maxRetries":2,"memoryUsage":{"arrayBuffers":20723,"external":1658247,"heapTotal":11059200,"heapUsed":7135576,"rss":47357952},"originalError":{"message":"Custom policy test","name":"NetworkError","stack":"NetworkError: Custom policy test\n    at C:\\Users\\susut\\Documents\\code\\2025\\flashscore\\test-retry-manager-manual.js:94:15\n    at C:\\Users\\susut\\Documents\\code\\2025\\flashscore\\src\\utils\\retry-manager.js:196:24\n    at CircuitBreaker.execute (C:\\Users\\susut\\Documents\\code\\2025\\flashscore\\src\\utils\\retry-manager.js:46:28)\n    at RetryManager.executeWithRetry (C:\\Users\\susut\\Documents\\code\\2025\\flashscore\\src\\utils\\retry-manager.js:194:45)\n    at runTests (C:\\Users\\susut\\Documents\\code\\2025\\flashscore\\test-retry-manager-manual.js:91:24)\n    at process.processTicksAndRejections (node:internal/process/task_queues:105:5)"},"processId":4660,"uptime":0.1581379},"errorCode":"UNKNOWN_ERROR","errorName":"ScraperError","level":"error","message":"Unknown error occurred Custom policy test","service":"flashscore-scraper","stack":"ScraperError: Custom policy test\n    at ErrorHandler.createError (C:\\Users\\susut\\Documents\\code\\2025\\flashscore\\src\\utils\\errors.js:398:12)\n    at ErrorHandler.handle (C:\\Users\\susut\\Documents\\code\\2025\\flashscore\\src\\utils\\errors.js:126:34)\n    at RetryManager.executeWithRetry (C:\\Users\\susut\\Documents\\code\\2025\\flashscore\\src\\utils\\retry-manager.js:206:39)\n    at process.processTicksAndRejections (node:internal/process/task_queues:105:5)\n    at async runTests (C:\\Users\\susut\\Documents\\code\\2025\\flashscore\\test-retry-manager-manual.js:91:5)","timestamp":"2025-07-24 00:12:05"}
{"attempt":1,"error":"UNKNOWN_ERROR","level":"warn","message":"custom failed with non-retryable error Custom policy test","service":"flashscore-scraper","timestamp":"2025-07-24 00:12:05"}
{"context":"circuit-test","details":{"attempt":1,"context":"circuit-test","handledAt":"2025-07-23T22:12:05.918Z","maxRetries":3,"memoryUsage":{"arrayBuffers":28915,"external":1666439,"heapTotal":11321344,"heapUsed":7723048,"rss":47443968},"originalError":{"message":"Circuit breaker test","name":"NetworkError","stack":"NetworkError: Circuit breaker test\n    at C:\\Users\\susut\\Documents\\code\\2025\\flashscore\\test-retry-manager-manual.js:119:15\n    at C:\\Users\\susut\\Documents\\code\\2025\\flashscore\\src\\utils\\retry-manager.js:196:24\n    at CircuitBreaker.execute (C:\\Users\\susut\\Documents\\code\\2025\\flashscore\\src\\utils\\retry-manager.js:46:28)\n    at RetryManager.executeWithRetry (C:\\Users\\susut\\Documents\\code\\2025\\flashscore\\src\\utils\\retry-manager.js:194:45)\n    at runTests (C:\\Users\\susut\\Documents\\code\\2025\\flashscore\\test-retry-manager-manual.js:116:24)\n    at process.processTicksAndRejections (node:internal/process/task_queues:105:5)"},"processId":4660,"uptime":0.1599454},"errorCode":"UNKNOWN_ERROR","errorName":"ScraperError","level":"error","message":"Unknown error occurred Circuit breaker test","service":"flashscore-scraper","stack":"ScraperError: Circuit breaker test\n    at ErrorHandler.createError (C:\\Users\\susut\\Documents\\code\\2025\\flashscore\\src\\utils\\errors.js:398:12)\n    at ErrorHandler.handle (C:\\Users\\susut\\Documents\\code\\2025\\flashscore\\src\\utils\\errors.js:126:34)\n    at RetryManager.executeWithRetry (C:\\Users\\susut\\Documents\\code\\2025\\flashscore\\src\\utils\\retry-manager.js:206:39)\n    at process.processTicksAndRejections (node:internal/process/task_queues:105:5)\n    at async runTests (C:\\Users\\susut\\Documents\\code\\2025\\flashscore\\test-retry-manager-manual.js:116:5)","timestamp":"2025-07-24 00:12:05"}
{"attempt":1,"error":"UNKNOWN_ERROR","level":"warn","message":"circuit-test failed with non-retryable error Circuit breaker test","service":"flashscore-scraper","timestamp":"2025-07-24 00:12:05"}
{"context":"rate-limit-test","details":{"attempt":1,"context":"rate-limit-test","handledAt":"2025-07-23T22:12:05.924Z","maxRetries":2,"memoryUsage":{"arrayBuffers":28915,"external":1666439,"heapTotal":11321344,"heapUsed":7302632,"rss":47525888},"originalError":{"message":"Rate limited","name":"RateLimitError","stack":"RateLimitError: Rate limited\n    at retryManager.executeWithRetry.maxRetries (C:\\Users\\susut\\Documents\\code\\2025\\flashscore\\test-retry-manager-manual.js:149:15)\n    at C:\\Users\\susut\\Documents\\code\\2025\\flashscore\\src\\utils\\retry-manager.js:196:24\n    at CircuitBreaker.execute (C:\\Users\\susut\\Documents\\code\\2025\\flashscore\\src\\utils\\retry-manager.js:46:28)\n    at RetryManager.executeWithRetry (C:\\Users\\susut\\Documents\\code\\2025\\flashscore\\src\\utils\\retry-manager.js:194:45)\n    at runTests (C:\\Users\\susut\\Documents\\code\\2025\\flashscore\\test-retry-manager-manual.js:147:24)\n    at process.processTicksAndRejections (node:internal/process/task_queues:105:5)"},"processId":4660,"uptime":0.1653175},"errorCode":"UNKNOWN_ERROR","errorName":"ScraperError","level":"error","message":"Unknown error occurred Rate limited","service":"flashscore-scraper","stack":"ScraperError: Rate limited\n    at ErrorHandler.createError (C:\\Users\\susut\\Documents\\code\\2025\\flashscore\\src\\utils\\errors.js:398:12)\n    at ErrorHandler.handle (C:\\Users\\susut\\Documents\\code\\2025\\flashscore\\src\\utils\\errors.js:126:34)\n    at RetryManager.executeWithRetry (C:\\Users\\susut\\Documents\\code\\2025\\flashscore\\src\\utils\\retry-manager.js:206:39)\n    at process.processTicksAndRejections (node:internal/process/task_queues:105:5)\n    at async runTests (C:\\Users\\susut\\Documents\\code\\2025\\flashscore\\test-retry-manager-manual.js:147:5)","timestamp":"2025-07-24 00:12:05"}
{"attempt":1,"error":"UNKNOWN_ERROR","level":"warn","message":"rate-limit-test failed with non-retryable error Rate limited","service":"flashscore-scraper","timestamp":"2025-07-24 00:12:05"}
{"context":"wrapper-test","details":{"attempt":1,"context":"wrapper-test","handledAt":"2025-07-23T22:12:05.928Z","maxRetries":3,"memoryUsage":{"arrayBuffers":37107,"external":1674631,"heapTotal":11321344,"heapUsed":7775048,"rss":47607808},"originalError":{"message":"Wrapper test failure","name":"NetworkError","stack":"NetworkError: Wrapper test failure\n    at originalFunction (C:\\Users\\susut\\Documents\\code\\2025\\flashscore\\test-retry-manager-manual.js:173:13)\n    at C:\\Users\\susut\\Documents\\code\\2025\\flashscore\\src\\utils\\retry-manager.js:364:44\n    at C:\\Users\\susut\\Documents\\code\\2025\\flashscore\\src\\utils\\retry-manager.js:196:24\n    at CircuitBreaker.execute (C:\\Users\\susut\\Documents\\code\\2025\\flashscore\\src\\utils\\retry-manager.js:46:28)\n    at RetryManager.executeWithRetry (C:\\Users\\susut\\Documents\\code\\2025\\flashscore\\src\\utils\\retry-manager.js:194:45)\n    at C:\\Users\\susut\\Documents\\code\\2025\\flashscore\\src\\utils\\retry-manager.js:364:21\n    at runTests (C:\\Users\\susut\\Documents\\code\\2025\\flashscore\\test-retry-manager-manual.js:182:26)\n    at process.processTicksAndRejections (node:internal/process/task_queues:105:5)"},"processId":4660,"uptime":0.1697112},"errorCode":"UNKNOWN_ERROR","errorName":"ScraperError","level":"error","message":"Unknown error occurred Wrapper test failure","service":"flashscore-scraper","stack":"ScraperError: Wrapper test failure\n    at ErrorHandler.createError (C:\\Users\\susut\\Documents\\code\\2025\\flashscore\\src\\utils\\errors.js:398:12)\n    at ErrorHandler.handle (C:\\Users\\susut\\Documents\\code\\2025\\flashscore\\src\\utils\\errors.js:126:34)\n    at RetryManager.executeWithRetry (C:\\Users\\susut\\Documents\\code\\2025\\flashscore\\src\\utils\\retry-manager.js:206:39)\n    at process.processTicksAndRejections (node:internal/process/task_queues:105:5)\n    at async runTests (C:\\Users\\susut\\Documents\\code\\2025\\flashscore\\test-retry-manager-manual.js:182:20)","timestamp":"2025-07-24 00:12:05"}
{"attempt":1,"error":"UNKNOWN_ERROR","level":"warn","message":"wrapper-test failed with non-retryable error Wrapper test failure","service":"flashscore-scraper","timestamp":"2025-07-24 00:12:05"}
{"context":"test-retry","details":{"attempt":1,"context":"test-retry","handledAt":"2025-07-23T22:13:34.487Z","maxRetries":3,"memoryUsage":{"arrayBuffers":12531,"external":1650015,"heapTotal":11321344,"heapUsed":6738272,"rss":46923776},"originalError":{"message":"Connection failed","name":"NetworkError","stack":"NetworkError: Connection failed\n    at C:\\Users\\susut\\Documents\\code\\2025\\flashscore\\test-retry-manager-manual.js:35:17\n    at C:\\Users\\susut\\Documents\\code\\2025\\flashscore\\src\\utils\\retry-manager.js:196:24\n    at CircuitBreaker.execute (C:\\Users\\susut\\Documents\\code\\2025\\flashscore\\src\\utils\\retry-manager.js:46:28)\n    at RetryManager.executeWithRetry (C:\\Users\\susut\\Documents\\code\\2025\\flashscore\\src\\utils\\retry-manager.js:194:45)\n    at runTests (C:\\Users\\susut\\Documents\\code\\2025\\flashscore\\test-retry-manager-manual.js:31:39)\n    at process.processTicksAndRejections (node:internal/process/task_queues:105:5)"},"processId":13732,"uptime":0.1557502},"errorCode":"NETWORK_ERROR","errorName":"NetworkError","level":"warn","message":"Network/Rate limit error occurred Connection failed","service":"flashscore-scraper","stack":"NetworkError: Connection failed\n    at C:\\Users\\susut\\Documents\\code\\2025\\flashscore\\test-retry-manager-manual.js:35:17\n    at C:\\Users\\susut\\Documents\\code\\2025\\flashscore\\src\\utils\\retry-manager.js:196:24\n    at CircuitBreaker.execute (C:\\Users\\susut\\Documents\\code\\2025\\flashscore\\src\\utils\\retry-manager.js:46:28)\n    at RetryManager.executeWithRetry (C:\\Users\\susut\\Documents\\code\\2025\\flashscore\\src\\utils\\retry-manager.js:194:45)\n    at runTests (C:\\Users\\susut\\Documents\\code\\2025\\flashscore\\test-retry-manager-manual.js:31:39)\n    at process.processTicksAndRejections (node:internal/process/task_queues:105:5)","timestamp":"2025-07-24 00:13:34"}
{"attempt":1,"delay":95,"error":"NETWORK_ERROR","level":"warn","message":"test-retry failed, retrying in 95ms Connection failed","nextAttempt":2,"service":"flashscore-scraper","timestamp":"2025-07-24 00:13:34"}
{"level":"info","message":"test-retry succeeded after 1 retries","service":"flashscore-scraper","timestamp":"2025-07-24 00:13:34"}
{"context":"test-non-retryable","details":{"attempt":1,"context":"test-non-retryable","handledAt":"2025-07-23T22:13:34.589Z","maxRetries":3,"memoryUsage":{"arrayBuffers":12531,"external":1808400,"heapTotal":11321344,"heapUsed":7281104,"rss":47738880},"originalError":{"message":"Config missing","name":"ConfigurationError","stack":"ConfigurationError: Config missing\n    at C:\\Users\\susut\\Documents\\code\\2025\\flashscore\\test-retry-manager-manual.js:54:15\n    at C:\\Users\\susut\\Documents\\code\\2025\\flashscore\\src\\utils\\retry-manager.js:196:24\n    at CircuitBreaker.execute (C:\\Users\\susut\\Documents\\code\\2025\\flashscore\\src\\utils\\retry-manager.js:46:28)\n    at RetryManager.executeWithRetry (C:\\Users\\susut\\Documents\\code\\2025\\flashscore\\src\\utils\\retry-manager.js:194:45)\n    at runTests (C:\\Users\\susut\\Documents\\code\\2025\\flashscore\\test-retry-manager-manual.js:51:24)"},"processId":13732,"uptime":0.2571841},"errorCode":"CONFIGURATION_ERROR","errorName":"ConfigurationError","level":"error","message":"Critical error occurred Config missing","service":"flashscore-scraper","stack":"ConfigurationError: Config missing\n    at C:\\Users\\susut\\Documents\\code\\2025\\flashscore\\test-retry-manager-manual.js:54:15\n    at C:\\Users\\susut\\Documents\\code\\2025\\flashscore\\src\\utils\\retry-manager.js:196:24\n    at CircuitBreaker.execute (C:\\Users\\susut\\Documents\\code\\2025\\flashscore\\src\\utils\\retry-manager.js:46:28)\n    at RetryManager.executeWithRetry (C:\\Users\\susut\\Documents\\code\\2025\\flashscore\\src\\utils\\retry-manager.js:194:45)\n    at runTests (C:\\Users\\susut\\Documents\\code\\2025\\flashscore\\test-retry-manager-manual.js:51:24)","timestamp":"2025-07-24 00:13:34"}
{"attempt":1,"error":"CONFIGURATION_ERROR","level":"warn","message":"test-non-retryable failed with non-retryable error Config missing","service":"flashscore-scraper","timestamp":"2025-07-24 00:13:34"}
{"context":"test-exhaust","details":{"attempt":1,"context":"test-exhaust","handledAt":"2025-07-23T22:13:34.591Z","maxRetries":3,"memoryUsage":{"arrayBuffers":12531,"external":1808400,"heapTotal":11321344,"heapUsed":7387128,"rss":47824896},"originalError":{"message":"Always fails","name":"NetworkError","stack":"NetworkError: Always fails\n    at C:\\Users\\susut\\Documents\\code\\2025\\flashscore\\test-retry-manager-manual.js:71:15\n    at C:\\Users\\susut\\Documents\\code\\2025\\flashscore\\src\\utils\\retry-manager.js:196:24\n    at CircuitBreaker.execute (C:\\Users\\susut\\Documents\\code\\2025\\flashscore\\src\\utils\\retry-manager.js:46:28)\n    at RetryManager.executeWithRetry (C:\\Users\\susut\\Documents\\code\\2025\\flashscore\\src\\utils\\retry-manager.js:194:45)\n    at runTests (C:\\Users\\susut\\Documents\\code\\2025\\flashscore\\test-retry-manager-manual.js:68:24)"},"processId":13732,"uptime":0.259662},"errorCode":"NETWORK_ERROR","errorName":"NetworkError","level":"warn","message":"Network/Rate limit error occurred Always fails","service":"flashscore-scraper","stack":"NetworkError: Always fails\n    at C:\\Users\\susut\\Documents\\code\\2025\\flashscore\\test-retry-manager-manual.js:71:15\n    at C:\\Users\\susut\\Documents\\code\\2025\\flashscore\\src\\utils\\retry-manager.js:196:24\n    at CircuitBreaker.execute (C:\\Users\\susut\\Documents\\code\\2025\\flashscore\\src\\utils\\retry-manager.js:46:28)\n    at RetryManager.executeWithRetry (C:\\Users\\susut\\Documents\\code\\2025\\flashscore\\src\\utils\\retry-manager.js:194:45)\n    at runTests (C:\\Users\\susut\\Documents\\code\\2025\\flashscore\\test-retry-manager-manual.js:68:24)","timestamp":"2025-07-24 00:13:34"}
{"attempt":1,"delay":102,"error":"NETWORK_ERROR","level":"warn","message":"test-exhaust failed, retrying in 102ms Always fails","nextAttempt":2,"service":"flashscore-scraper","timestamp":"2025-07-24 00:13:34"}
{"context":"test-exhaust","details":{"attempt":2,"context":"test-exhaust","handledAt":"2025-07-23T22:13:34.698Z","maxRetries":3,"memoryUsage":{"arrayBuffers":20723,"external":1816592,"heapTotal":11321344,"heapUsed":7463384,"rss":47902720},"originalError":{"message":"Always fails","name":"NetworkError","stack":"NetworkError: Always fails\n    at C:\\Users\\susut\\Documents\\code\\2025\\flashscore\\test-retry-manager-manual.js:71:15\n    at C:\\Users\\susut\\Documents\\code\\2025\\flashscore\\src\\utils\\retry-manager.js:196:24\n    at CircuitBreaker.execute (C:\\Users\\susut\\Documents\\code\\2025\\flashscore\\src\\utils\\retry-manager.js:46:28)\n    at RetryManager.executeWithRetry (C:\\Users\\susut\\Documents\\code\\2025\\flashscore\\src\\utils\\retry-manager.js:194:45)\n    at async runTests (C:\\Users\\susut\\Documents\\code\\2025\\flashscore\\test-retry-manager-manual.js:68:5)"},"processId":13732,"uptime":0.3667561},"errorCode":"NETWORK_ERROR","errorName":"NetworkError","level":"warn","message":"Network/Rate limit error occurred Always fails","service":"flashscore-scraper","stack":"NetworkError: Always fails\n    at C:\\Users\\susut\\Documents\\code\\2025\\flashscore\\test-retry-manager-manual.js:71:15\n    at C:\\Users\\susut\\Documents\\code\\2025\\flashscore\\src\\utils\\retry-manager.js:196:24\n    at CircuitBreaker.execute (C:\\Users\\susut\\Documents\\code\\2025\\flashscore\\src\\utils\\retry-manager.js:46:28)\n    at RetryManager.executeWithRetry (C:\\Users\\susut\\Documents\\code\\2025\\flashscore\\src\\utils\\retry-manager.js:194:45)\n    at async runTests (C:\\Users\\susut\\Documents\\code\\2025\\flashscore\\test-retry-manager-manual.js:68:5)","timestamp":"2025-07-24 00:13:34"}
{"attempt":2,"delay":197,"error":"NETWORK_ERROR","level":"warn","message":"test-exhaust failed, retrying in 197ms Always fails","nextAttempt":3,"service":"flashscore-scraper","timestamp":"2025-07-24 00:13:34"}
{"context":"test-exhaust","details":{"attempt":3,"context":"test-exhaust","handledAt":"2025-07-23T22:13:34.906Z","maxRetries":3,"memoryUsage":{"arrayBuffers":20723,"external":1816592,"heapTotal":11321344,"heapUsed":7558568,"rss":47976448},"originalError":{"message":"Always fails","name":"NetworkError","stack":"NetworkError: Always fails\n    at C:\\Users\\susut\\Documents\\code\\2025\\flashscore\\test-retry-manager-manual.js:71:15\n    at C:\\Users\\susut\\Documents\\code\\2025\\flashscore\\src\\utils\\retry-manager.js:196:24\n    at CircuitBreaker.execute (C:\\Users\\susut\\Documents\\code\\2025\\flashscore\\src\\utils\\retry-manager.js:46:28)\n    at RetryManager.executeWithRetry (C:\\Users\\susut\\Documents\\code\\2025\\flashscore\\src\\utils\\retry-manager.js:194:45)\n    at async runTests (C:\\Users\\susut\\Documents\\code\\2025\\flashscore\\test-retry-manager-manual.js:68:5)"},"processId":13732,"uptime":0.5738671},"errorCode":"NETWORK_ERROR","errorName":"NetworkError","level":"warn","message":"Network/Rate limit error occurred Always fails","service":"flashscore-scraper","stack":"NetworkError: Always fails\n    at C:\\Users\\susut\\Documents\\code\\2025\\flashscore\\test-retry-manager-manual.js:71:15\n    at C:\\Users\\susut\\Documents\\code\\2025\\flashscore\\src\\utils\\retry-manager.js:196:24\n    at CircuitBreaker.execute (C:\\Users\\susut\\Documents\\code\\2025\\flashscore\\src\\utils\\retry-manager.js:46:28)\n    at RetryManager.executeWithRetry (C:\\Users\\susut\\Documents\\code\\2025\\flashscore\\src\\utils\\retry-manager.js:194:45)\n    at async runTests (C:\\Users\\susut\\Documents\\code\\2025\\flashscore\\test-retry-manager-manual.js:68:5)","timestamp":"2025-07-24 00:13:34"}
{"error":"NETWORK_ERROR","level":"error","message":"test-exhaust failed after 3 attempts Always fails","service":"flashscore-scraper","timestamp":"2025-07-24 00:13:34","totalAttempts":3}
{"context":"custom","details":{"attempt":1,"context":"custom","handledAt":"2025-07-23T22:13:34.909Z","maxRetries":2,"memoryUsage":{"arrayBuffers":20723,"external":1816592,"heapTotal":11321344,"heapUsed":7640256,"rss":48046080},"originalError":{"message":"Custom policy test","name":"NetworkError","stack":"NetworkError: Custom policy test\n    at C:\\Users\\susut\\Documents\\code\\2025\\flashscore\\test-retry-manager-manual.js:94:15\n    at C:\\Users\\susut\\Documents\\code\\2025\\flashscore\\src\\utils\\retry-manager.js:196:24\n    at CircuitBreaker.execute (C:\\Users\\susut\\Documents\\code\\2025\\flashscore\\src\\utils\\retry-manager.js:46:28)\n    at RetryManager.executeWithRetry (C:\\Users\\susut\\Documents\\code\\2025\\flashscore\\src\\utils\\retry-manager.js:194:45)\n    at runTests (C:\\Users\\susut\\Documents\\code\\2025\\flashscore\\test-retry-manager-manual.js:91:24)"},"processId":13732,"uptime":0.5774967},"errorCode":"NETWORK_ERROR","errorName":"NetworkError","level":"warn","message":"Network/Rate limit error occurred Custom policy test","service":"flashscore-scraper","stack":"NetworkError: Custom policy test\n    at C:\\Users\\susut\\Documents\\code\\2025\\flashscore\\test-retry-manager-manual.js:94:15\n    at C:\\Users\\susut\\Documents\\code\\2025\\flashscore\\src\\utils\\retry-manager.js:196:24\n    at CircuitBreaker.execute (C:\\Users\\susut\\Documents\\code\\2025\\flashscore\\src\\utils\\retry-manager.js:46:28)\n    at RetryManager.executeWithRetry (C:\\Users\\susut\\Documents\\code\\2025\\flashscore\\src\\utils\\retry-manager.js:194:45)\n    at runTests (C:\\Users\\susut\\Documents\\code\\2025\\flashscore\\test-retry-manager-manual.js:91:24)","timestamp":"2025-07-24 00:13:34"}
{"attempt":1,"delay":51,"error":"NETWORK_ERROR","level":"warn","message":"custom failed, retrying in 51ms Custom policy test","nextAttempt":2,"service":"flashscore-scraper","timestamp":"2025-07-24 00:13:34"}
{"context":"custom","details":{"attempt":2,"context":"custom","handledAt":"2025-07-23T22:13:34.968Z","maxRetries":2,"memoryUsage":{"arrayBuffers":20723,"external":1816592,"heapTotal":11321344,"heapUsed":7714336,"rss":48193536},"originalError":{"message":"Custom policy test","name":"NetworkError","stack":"NetworkError: Custom policy test\n    at C:\\Users\\susut\\Documents\\code\\2025\\flashscore\\test-retry-manager-manual.js:94:15\n    at C:\\Users\\susut\\Documents\\code\\2025\\flashscore\\src\\utils\\retry-manager.js:196:24\n    at CircuitBreaker.execute (C:\\Users\\susut\\Documents\\code\\2025\\flashscore\\src\\utils\\retry-manager.js:46:28)\n    at RetryManager.executeWithRetry (C:\\Users\\susut\\Documents\\code\\2025\\flashscore\\src\\utils\\retry-manager.js:194:45)\n    at async runTests (C:\\Users\\susut\\Documents\\code\\2025\\flashscore\\test-retry-manager-manual.js:91:5)"},"processId":13732,"uptime":0.6367694},"errorCode":"NETWORK_ERROR","errorName":"NetworkError","level":"warn","message":"Network/Rate limit error occurred Custom policy test","service":"flashscore-scraper","stack":"NetworkError: Custom policy test\n    at C:\\Users\\susut\\Documents\\code\\2025\\flashscore\\test-retry-manager-manual.js:94:15\n    at C:\\Users\\susut\\Documents\\code\\2025\\flashscore\\src\\utils\\retry-manager.js:196:24\n    at CircuitBreaker.execute (C:\\Users\\susut\\Documents\\code\\2025\\flashscore\\src\\utils\\retry-manager.js:46:28)\n    at RetryManager.executeWithRetry (C:\\Users\\susut\\Documents\\code\\2025\\flashscore\\src\\utils\\retry-manager.js:194:45)\n    at async runTests (C:\\Users\\susut\\Documents\\code\\2025\\flashscore\\test-retry-manager-manual.js:91:5)","timestamp":"2025-07-24 00:13:34"}
{"error":"NETWORK_ERROR","level":"error","message":"custom failed after 2 attempts Custom policy test","service":"flashscore-scraper","timestamp":"2025-07-24 00:13:34","totalAttempts":2}
{"context":"circuit-test","details":{"attempt":1,"context":"circuit-test","handledAt":"2025-07-23T22:13:34.971Z","maxRetries":3,"memoryUsage":{"arrayBuffers":28915,"external":1824784,"heapTotal":11321344,"heapUsed":7782608,"rss":48267264},"originalError":{"message":"Circuit breaker test","name":"NetworkError","stack":"NetworkError: Circuit breaker test\n    at C:\\Users\\susut\\Documents\\code\\2025\\flashscore\\test-retry-manager-manual.js:119:15\n    at C:\\Users\\susut\\Documents\\code\\2025\\flashscore\\src\\utils\\retry-manager.js:196:24\n    at CircuitBreaker.execute (C:\\Users\\susut\\Documents\\code\\2025\\flashscore\\src\\utils\\retry-manager.js:46:28)\n    at RetryManager.executeWithRetry (C:\\Users\\susut\\Documents\\code\\2025\\flashscore\\src\\utils\\retry-manager.js:194:45)\n    at runTests (C:\\Users\\susut\\Documents\\code\\2025\\flashscore\\test-retry-manager-manual.js:116:24)"},"processId":13732,"uptime":0.639374},"errorCode":"NETWORK_ERROR","errorName":"NetworkError","level":"warn","message":"Network/Rate limit error occurred Circuit breaker test","service":"flashscore-scraper","stack":"NetworkError: Circuit breaker test\n    at C:\\Users\\susut\\Documents\\code\\2025\\flashscore\\test-retry-manager-manual.js:119:15\n    at C:\\Users\\susut\\Documents\\code\\2025\\flashscore\\src\\utils\\retry-manager.js:196:24\n    at CircuitBreaker.execute (C:\\Users\\susut\\Documents\\code\\2025\\flashscore\\src\\utils\\retry-manager.js:46:28)\n    at RetryManager.executeWithRetry (C:\\Users\\susut\\Documents\\code\\2025\\flashscore\\src\\utils\\retry-manager.js:194:45)\n    at runTests (C:\\Users\\susut\\Documents\\code\\2025\\flashscore\\test-retry-manager-manual.js:116:24)","timestamp":"2025-07-24 00:13:34"}
{"attempt":1,"delay":100,"error":"NETWORK_ERROR","level":"warn","message":"circuit-test failed, retrying in 100ms Circuit breaker test","nextAttempt":2,"service":"flashscore-scraper","timestamp":"2025-07-24 00:13:34"}
{"level":"warn","message":"Circuit breaker OPEN for circuit-test after 2 failures","service":"flashscore-scraper","timestamp":"2025-07-24 00:13:35"}
{"context":"circuit-test","details":{"attempt":2,"context":"circuit-test","handledAt":"2025-07-23T22:13:35.081Z","maxRetries":3,"memoryUsage":{"arrayBuffers":28915,"external":1824784,"heapTotal":11321344,"heapUsed":8162368,"rss":48353280},"originalError":{"message":"Circuit breaker test","name":"NetworkError","stack":"NetworkError: Circuit breaker test\n    at C:\\Users\\susut\\Documents\\code\\2025\\flashscore\\test-retry-manager-manual.js:119:15\n    at C:\\Users\\susut\\Documents\\code\\2025\\flashscore\\src\\utils\\retry-manager.js:196:24\n    at CircuitBreaker.execute (C:\\Users\\susut\\Documents\\code\\2025\\flashscore\\src\\utils\\retry-manager.js:46:28)\n    at RetryManager.executeWithRetry (C:\\Users\\susut\\Documents\\code\\2025\\flashscore\\src\\utils\\retry-manager.js:194:45)\n    at async runTests (C:\\Users\\susut\\Documents\\code\\2025\\flashscore\\test-retry-manager-manual.js:116:5)"},"processId":13732,"uptime":0.7489182},"errorCode":"NETWORK_ERROR","errorName":"NetworkError","level":"warn","message":"Network/Rate limit error occurred Circuit breaker test","service":"flashscore-scraper","stack":"NetworkError: Circuit breaker test\n    at C:\\Users\\susut\\Documents\\code\\2025\\flashscore\\test-retry-manager-manual.js:119:15\n    at C:\\Users\\susut\\Documents\\code\\2025\\flashscore\\src\\utils\\retry-manager.js:196:24\n    at CircuitBreaker.execute (C:\\Users\\susut\\Documents\\code\\2025\\flashscore\\src\\utils\\retry-manager.js:46:28)\n    at RetryManager.executeWithRetry (C:\\Users\\susut\\Documents\\code\\2025\\flashscore\\src\\utils\\retry-manager.js:194:45)\n    at async runTests (C:\\Users\\susut\\Documents\\code\\2025\\flashscore\\test-retry-manager-manual.js:116:5)","timestamp":"2025-07-24 00:13:35"}
{"attempt":2,"delay":196,"error":"NETWORK_ERROR","level":"warn","message":"circuit-test failed, retrying in 196ms Circuit breaker test","nextAttempt":3,"service":"flashscore-scraper","timestamp":"2025-07-24 00:13:35"}
{"context":"circuit-test","details":{"attempt":3,"context":"circuit-test","handledAt":"2025-07-23T22:13:35.287Z","maxRetries":3,"memoryUsage":{"arrayBuffers":28915,"external":1824784,"heapTotal":11321344,"heapUsed":7960824,"rss":48537600},"originalError":{"message":"Circuit breaker is OPEN for circuit-test. Next attempt at Thu Jul 24 2025 00:13:36 GMT+0200 (Central European Summer Time)","name":"Error","stack":"Error: Circuit breaker is OPEN for circuit-test. Next attempt at Thu Jul 24 2025 00:13:36 GMT+0200 (Central European Summer Time)\n    at CircuitBreaker.execute (C:\\Users\\susut\\Documents\\code\\2025\\flashscore\\src\\utils\\retry-manager.js:38:15)\n    at RetryManager.executeWithRetry (C:\\Users\\susut\\Documents\\code\\2025\\flashscore\\src\\utils\\retry-manager.js:194:45)\n    at async runTests (C:\\Users\\susut\\Documents\\code\\2025\\flashscore\\test-retry-manager-manual.js:116:5)"},"processId":13732,"uptime":0.9548938},"errorCode":"UNKNOWN_ERROR","errorName":"ScraperError","level":"error","message":"Unknown error occurred Circuit breaker is OPEN for circuit-test. Next attempt at Thu Jul 24 2025 00:13:36 GMT+0200 (Central European Summer Time)","service":"flashscore-scraper","stack":"ScraperError: Circuit breaker is OPEN for circuit-test. Next attempt at Thu Jul 24 2025 00:13:36 GMT+0200 (Central European Summer Time)\n    at ErrorHandler.createError (C:\\Users\\susut\\Documents\\code\\2025\\flashscore\\src\\utils\\errors.js:427:12)\n    at ErrorHandler.handle (C:\\Users\\susut\\Documents\\code\\2025\\flashscore\\src\\utils\\errors.js:126:34)\n    at RetryManager.executeWithRetry (C:\\Users\\susut\\Documents\\code\\2025\\flashscore\\src\\utils\\retry-manager.js:206:39)\n    at async runTests (C:\\Users\\susut\\Documents\\code\\2025\\flashscore\\test-retry-manager-manual.js:116:5)","timestamp":"2025-07-24 00:13:35"}
{"attempt":3,"error":"UNKNOWN_ERROR","level":"warn","message":"circuit-test failed with non-retryable error Circuit breaker is OPEN for circuit-test. Next attempt at Thu Jul 24 2025 00:13:36 GMT+0200 (Central European Summer Time)","service":"flashscore-scraper","timestamp":"2025-07-24 00:13:35"}
{"context":"circuit-test","details":{"attempt":1,"context":"circuit-test","handledAt":"2025-07-23T22:13:35.290Z","maxRetries":3,"memoryUsage":{"arrayBuffers":37107,"external":1832976,"heapTotal":11321344,"heapUsed":8540608,"rss":48660480},"originalError":{"message":"Circuit breaker is OPEN for circuit-test. Next attempt at Thu Jul 24 2025 00:13:36 GMT+0200 (Central European Summer Time)","name":"Error","stack":"Error: Circuit breaker is OPEN for circuit-test. Next attempt at Thu Jul 24 2025 00:13:36 GMT+0200 (Central European Summer Time)\n    at CircuitBreaker.execute (C:\\Users\\susut\\Documents\\code\\2025\\flashscore\\src\\utils\\retry-manager.js:38:15)\n    at RetryManager.executeWithRetry (C:\\Users\\susut\\Documents\\code\\2025\\flashscore\\src\\utils\\retry-manager.js:194:45)\n    at runTests (C:\\Users\\susut\\Documents\\code\\2025\\flashscore\\test-retry-manager-manual.js:134:24)"},"processId":13732,"uptime":0.9581823},"errorCode":"UNKNOWN_ERROR","errorName":"ScraperError","level":"error","message":"Unknown error occurred Circuit breaker is OPEN for circuit-test. Next attempt at Thu Jul 24 2025 00:13:36 GMT+0200 (Central European Summer Time)","service":"flashscore-scraper","stack":"ScraperError: Circuit breaker is OPEN for circuit-test. Next attempt at Thu Jul 24 2025 00:13:36 GMT+0200 (Central European Summer Time)\n    at ErrorHandler.createError (C:\\Users\\susut\\Documents\\code\\2025\\flashscore\\src\\utils\\errors.js:427:12)\n    at ErrorHandler.handle (C:\\Users\\susut\\Documents\\code\\2025\\flashscore\\src\\utils\\errors.js:126:34)\n    at RetryManager.executeWithRetry (C:\\Users\\susut\\Documents\\code\\2025\\flashscore\\src\\utils\\retry-manager.js:206:39)\n    at async runTests (C:\\Users\\susut\\Documents\\code\\2025\\flashscore\\test-retry-manager-manual.js:134:5)","timestamp":"2025-07-24 00:13:35"}
{"attempt":1,"error":"UNKNOWN_ERROR","level":"warn","message":"circuit-test failed with non-retryable error Circuit breaker is OPEN for circuit-test. Next attempt at Thu Jul 24 2025 00:13:36 GMT+0200 (Central European Summer Time)","service":"flashscore-scraper","timestamp":"2025-07-24 00:13:35"}
{"context":"rate-limit-test","details":{"attempt":1,"context":"rate-limit-test","handledAt":"2025-07-23T22:13:35.292Z","maxRetries":2,"memoryUsage":{"arrayBuffers":37107,"external":1832976,"heapTotal":11321344,"heapUsed":8096648,"rss":48754688},"originalError":{"message":"Rate limited","name":"RateLimitError","stack":"RateLimitError: Rate limited\n    at retryManager.executeWithRetry.maxRetries (C:\\Users\\susut\\Documents\\code\\2025\\flashscore\\test-retry-manager-manual.js:149:15)\n    at C:\\Users\\susut\\Documents\\code\\2025\\flashscore\\src\\utils\\retry-manager.js:196:24\n    at CircuitBreaker.execute (C:\\Users\\susut\\Documents\\code\\2025\\flashscore\\src\\utils\\retry-manager.js:46:28)\n    at RetryManager.executeWithRetry (C:\\Users\\susut\\Documents\\code\\2025\\flashscore\\src\\utils\\retry-manager.js:194:45)\n    at runTests (C:\\Users\\susut\\Documents\\code\\2025\\flashscore\\test-retry-manager-manual.js:147:24)"},"processId":13732,"uptime":0.9604881},"errorCode":"RATE_LIMIT_ERROR","errorName":"RateLimitError","level":"warn","message":"Network/Rate limit error occurred Rate limited","service":"flashscore-scraper","stack":"RateLimitError: Rate limited\n    at retryManager.executeWithRetry.maxRetries (C:\\Users\\susut\\Documents\\code\\2025\\flashscore\\test-retry-manager-manual.js:149:15)\n    at C:\\Users\\susut\\Documents\\code\\2025\\flashscore\\src\\utils\\retry-manager.js:196:24\n    at CircuitBreaker.execute (C:\\Users\\susut\\Documents\\code\\2025\\flashscore\\src\\utils\\retry-manager.js:46:28)\n    at RetryManager.executeWithRetry (C:\\Users\\susut\\Documents\\code\\2025\\flashscore\\src\\utils\\retry-manager.js:194:45)\n    at runTests (C:\\Users\\susut\\Documents\\code\\2025\\flashscore\\test-retry-manager-manual.js:147:24)","timestamp":"2025-07-24 00:13:35"}
{"attempt":1,"delay":5000,"error":"RATE_LIMIT_ERROR","level":"warn","message":"rate-limit-test failed, retrying in 5000ms Rate limited","nextAttempt":2,"service":"flashscore-scraper","timestamp":"2025-07-24 00:13:35"}
{"context":"rate-limit-test","details":{"attempt":2,"context":"rate-limit-test","handledAt":"2025-07-23T22:13:40.307Z","maxRetries":2,"memoryUsage":{"arrayBuffers":28915,"external":1841168,"heapTotal":12107776,"heapUsed":7106376,"rss":49352704},"originalError":{"message":"Rate limited","name":"RateLimitError","stack":"RateLimitError: Rate limited\n    at retryManager.executeWithRetry.maxRetries (C:\\Users\\susut\\Documents\\code\\2025\\flashscore\\test-retry-manager-manual.js:149:15)\n    at C:\\Users\\susut\\Documents\\code\\2025\\flashscore\\src\\utils\\retry-manager.js:196:24\n    at CircuitBreaker.execute (C:\\Users\\susut\\Documents\\code\\2025\\flashscore\\src\\utils\\retry-manager.js:46:28)\n    at RetryManager.executeWithRetry (C:\\Users\\susut\\Documents\\code\\2025\\flashscore\\src\\utils\\retry-manager.js:194:45)\n    at async runTests (C:\\Users\\susut\\Documents\\code\\2025\\flashscore\\test-retry-manager-manual.js:147:5)"},"processId":13732,"uptime":5.9748452},"errorCode":"RATE_LIMIT_ERROR","errorName":"RateLimitError","level":"warn","message":"Network/Rate limit error occurred Rate limited","service":"flashscore-scraper","stack":"RateLimitError: Rate limited\n    at retryManager.executeWithRetry.maxRetries (C:\\Users\\susut\\Documents\\code\\2025\\flashscore\\test-retry-manager-manual.js:149:15)\n    at C:\\Users\\susut\\Documents\\code\\2025\\flashscore\\src\\utils\\retry-manager.js:196:24\n    at CircuitBreaker.execute (C:\\Users\\susut\\Documents\\code\\2025\\flashscore\\src\\utils\\retry-manager.js:46:28)\n    at RetryManager.executeWithRetry (C:\\Users\\susut\\Documents\\code\\2025\\flashscore\\src\\utils\\retry-manager.js:194:45)\n    at async runTests (C:\\Users\\susut\\Documents\\code\\2025\\flashscore\\test-retry-manager-manual.js:147:5)","timestamp":"2025-07-24 00:13:40"}
{"error":"RATE_LIMIT_ERROR","level":"error","message":"rate-limit-test failed after 2 attempts Rate limited","service":"flashscore-scraper","timestamp":"2025-07-24 00:13:40","totalAttempts":2}
{"context":"wrapper-test","details":{"attempt":1,"context":"wrapper-test","handledAt":"2025-07-23T22:13:40.315Z","maxRetries":3,"memoryUsage":{"arrayBuffers":28915,"external":1841168,"heapTotal":12107776,"heapUsed":7213400,"rss":49430528},"originalError":{"message":"Wrapper test failure","name":"NetworkError","stack":"NetworkError: Wrapper test failure\n    at originalFunction (C:\\Users\\susut\\Documents\\code\\2025\\flashscore\\test-retry-manager-manual.js:173:13)\n    at C:\\Users\\susut\\Documents\\code\\2025\\flashscore\\src\\utils\\retry-manager.js:364:44\n    at C:\\Users\\susut\\Documents\\code\\2025\\flashscore\\src\\utils\\retry-manager.js:196:24\n    at CircuitBreaker.execute (C:\\Users\\susut\\Documents\\code\\2025\\flashscore\\src\\utils\\retry-manager.js:46:28)\n    at RetryManager.executeWithRetry (C:\\Users\\susut\\Documents\\code\\2025\\flashscore\\src\\utils\\retry-manager.js:194:45)\n    at C:\\Users\\susut\\Documents\\code\\2025\\flashscore\\src\\utils\\retry-manager.js:364:21\n    at runTests (C:\\Users\\susut\\Documents\\code\\2025\\flashscore\\test-retry-manager-manual.js:182:26)"},"processId":13732,"uptime":5.9837581},"errorCode":"NETWORK_ERROR","errorName":"NetworkError","level":"warn","message":"Network/Rate limit error occurred Wrapper test failure","service":"flashscore-scraper","stack":"NetworkError: Wrapper test failure\n    at originalFunction (C:\\Users\\susut\\Documents\\code\\2025\\flashscore\\test-retry-manager-manual.js:173:13)\n    at C:\\Users\\susut\\Documents\\code\\2025\\flashscore\\src\\utils\\retry-manager.js:364:44\n    at C:\\Users\\susut\\Documents\\code\\2025\\flashscore\\src\\utils\\retry-manager.js:196:24\n    at CircuitBreaker.execute (C:\\Users\\susut\\Documents\\code\\2025\\flashscore\\src\\utils\\retry-manager.js:46:28)\n    at RetryManager.executeWithRetry (C:\\Users\\susut\\Documents\\code\\2025\\flashscore\\src\\utils\\retry-manager.js:194:45)\n    at C:\\Users\\susut\\Documents\\code\\2025\\flashscore\\src\\utils\\retry-manager.js:364:21\n    at runTests (C:\\Users\\susut\\Documents\\code\\2025\\flashscore\\test-retry-manager-manual.js:182:26)","timestamp":"2025-07-24 00:13:40"}
{"attempt":1,"delay":102,"error":"NETWORK_ERROR","level":"warn","message":"wrapper-test failed, retrying in 102ms Wrapper test failure","nextAttempt":2,"service":"flashscore-scraper","timestamp":"2025-07-24 00:13:40"}
{"level":"info","message":"wrapper-test succeeded after 1 retries","service":"flashscore-scraper","timestamp":"2025-07-24 00:13:40"}
{"error":"Too many requests","level":"warn","message":"Rate limit error detected","service":"flashscore-scraper","timestamp":"2025-07-24 00:21:12"}
{"level":"info","message":"Rate limiter entering cooldown for 1000ms","service":"flashscore-scraper","timestamp":"2025-07-24 00:21:12"}
{"level":"info","message":"Rate limiter reset","service":"flashscore-scraper","timestamp":"2025-07-24 00:21:17"}
{"component":"LiveMatchWorkflow","level":"info","matchId":"test123","message":"Stopping monitoring for match","service":"flashscore-scraper","timestamp":"2025-07-24 00:32:14"}
{"component":"LiveMatchWorkflow","level":"info","matchId":"test123","message":"Stopped monitoring match","service":"flashscore-scraper","timestamp":"2025-07-24 00:32:14"}
{"component":"LiveMatchWorkflow","level":"info","matchId":"test123","message":"Manually removed match from monitoring","service":"flashscore-scraper","timestamp":"2025-07-24 00:32:14"}
{"component":"LiveMatchWorkflow","level":"info","message":"Initializing Live Match Workflow","service":"flashscore-scraper","timestamp":"2025-07-24 00:32:14"}
{"browserType":"chromium","level":"info","message":"Initializing browser","service":"flashscore-scraper","timestamp":"2025-07-24 00:32:14"}
{"error":"browserType.launch: Executable doesn't exist at C:\\Users\\susut\\AppData\\Local\\ms-playwright\\chromium_headless_shell-1181\\chrome-win\\headless_shell.exe\n\n Looks like Playwright Test or Playwright was just installed or updated. \n Please run the following command to download new browsers:              \n                                                                         \n     npx playwright install                                              \n                                                                         \n <3 Playwright Team                                                      \n","level":"error","message":"Failed to initialize browser","service":"flashscore-scraper","timestamp":"2025-07-24 00:32:14"}
{"component":"LiveMatchWorkflow","error":"Browser initialization failed: browserType.launch: Executable doesn't exist at C:\\Users\\susut\\AppData\\Local\\ms-playwright\\chromium_headless_shell-1181\\chrome-win\\headless_shell.exe\n\n Looks like Playwright Test or Playwright was just installed or updated. \n Please run the following command to download new browsers:              \n                                                                         \n     npx playwright install                                              \n                                                                         \n <3 Playwright Team                                                      \n","level":"error","message":"Failed to initialize Live Match Workflow","service":"flashscore-scraper","timestamp":"2025-07-24 00:32:14"}
