2025-06-29 01:11:29,955 - INFO - Processing PDF for league tables: Web__103sz__K__12-24_2024.12.24_01.pdf
2025-06-29 01:11:30,728 - INFO - Extracted 0 tables from Web__103sz__K__12-24_2024.12.24_01.pdf, stored 0
2025-06-29 01:11:30,728 - INFO - Found 13 PDF files in data/szerencsemix_archive/organized/2024/12-December
2025-06-29 01:11:30,728 - INFO - Processing PDF for league tables: Web__103sz__K__12-24_2024.12.24_01.pdf
2025-06-29 01:11:31,443 - INFO - Extracted 0 tables from Web__103sz__K__12-24_2024.12.24_01.pdf, stored 0
2025-06-29 01:11:31,443 - INFO - Processing PDF for league tables: Web__98sz__P__12-06_2024.12.06.pdf
2025-06-29 01:11:32,128 - INFO - Extracted 0 tables from Web__98sz__P__12-06_2024.12.06.pdf, stored 0
2025-06-29 01:11:32,128 - INFO - Processing PDF for league tables: Web__105sz__K__12-31_2024.12.31.pdf
2025-06-29 01:11:32,845 - INFO - Extracted 0 tables from Web__105sz__K__12-31_2024.12.31.pdf, stored 0
2025-06-29 01:11:32,845 - INFO - Processing PDF for league tables: Web__103sz__K__12-24_2024.12.24.pdf
2025-06-29 01:11:33,581 - INFO - Extracted 0 tables from Web__103sz__K__12-24_2024.12.24.pdf, stored 0
2025-06-29 01:11:33,582 - INFO - Processing PDF for league tables: Web__99sz__K__12-10_2024.12.10.pdf
2025-06-29 01:11:34,282 - INFO - Extracted 0 tables from Web__99sz__K__12-10_2024.12.10.pdf, stored 0
2025-06-29 01:11:34,282 - INFO - Processing PDF for league tables: Web__102sz__P__12-20_2024.12.20.pdf
2025-06-29 01:11:35,163 - INFO - Extracted 0 tables from Web__102sz__P__12-20_2024.12.20.pdf, stored 0
2025-06-29 01:11:35,163 - INFO - Processing PDF for league tables: Web__101sz__K__12-17_2024.12.17.pdf
2025-06-29 01:11:35,795 - INFO - Extracted 0 tables from Web__101sz__K__12-17_2024.12.17.pdf, stored 0
2025-06-29 01:11:35,795 - INFO - Processing PDF for league tables: Web__100sz__P__12-13-8_2024.12.13.pdf
2025-06-29 01:11:36,456 - INFO - Extracted 0 tables from Web__100sz__P__12-13-8_2024.12.13.pdf, stored 0
2025-06-29 01:11:36,456 - INFO - Processing PDF for league tables: Web__105sz__K__12-31_2024.12.31_01.pdf
2025-06-29 01:11:37,114 - INFO - Extracted 0 tables from Web__105sz__K__12-31_2024.12.31_01.pdf, stored 0
2025-06-29 01:11:37,114 - INFO - Processing PDF for league tables: Web__101sz__K__12-17_2024.12.17_01.pdf
2025-06-29 01:11:37,817 - INFO - Extracted 0 tables from Web__101sz__K__12-17_2024.12.17_01.pdf, stored 0
2025-06-29 01:11:37,818 - INFO - Processing PDF for league tables: Web__104sz__P__12-27_2024.12.27_01.pdf
2025-06-29 01:11:38,653 - INFO - Extracted 0 tables from Web__104sz__P__12-27_2024.12.27_01.pdf, stored 0
2025-06-29 01:11:38,653 - INFO - Processing PDF for league tables: Web__102sz__P__12-20_2024.12.20_01.pdf
2025-06-29 01:11:39,390 - INFO - Extracted 0 tables from Web__102sz__P__12-20_2024.12.20_01.pdf, stored 0
2025-06-29 01:11:39,391 - INFO - Processing PDF for league tables: Web__104sz__P__12-27_2024.12.27.pdf
2025-06-29 01:11:40,074 - INFO - Extracted 0 tables from Web__104sz__P__12-27_2024.12.27.pdf, stored 0
2025-06-29 01:11:45,951 - INFO - Processing PDF for league tables: Web__103sz__K__12-24_2024.12.24_01.pdf
2025-06-29 01:11:46,722 - INFO - Extracted 0 tables from Web__103sz__K__12-24_2024.12.24_01.pdf, stored 0
2025-06-29 01:11:46,723 - INFO - Found 13 PDF files in data/szerencsemix_archive/organized/2024/12-December
2025-06-29 01:11:46,723 - INFO - Processing PDF for league tables: Web__103sz__K__12-24_2024.12.24_01.pdf
2025-06-29 01:11:47,426 - INFO - Extracted 0 tables from Web__103sz__K__12-24_2024.12.24_01.pdf, stored 0
2025-06-29 01:11:47,426 - INFO - Processing PDF for league tables: Web__98sz__P__12-06_2024.12.06.pdf
2025-06-29 01:11:48,132 - INFO - Extracted 0 tables from Web__98sz__P__12-06_2024.12.06.pdf, stored 0
2025-06-29 01:11:48,132 - INFO - Processing PDF for league tables: Web__105sz__K__12-31_2024.12.31.pdf
2025-06-29 01:11:48,877 - INFO - Extracted 0 tables from Web__105sz__K__12-31_2024.12.31.pdf, stored 0
2025-06-29 01:11:48,878 - INFO - Processing PDF for league tables: Web__103sz__K__12-24_2024.12.24.pdf
2025-06-29 01:11:49,599 - INFO - Extracted 0 tables from Web__103sz__K__12-24_2024.12.24.pdf, stored 0
2025-06-29 01:11:49,599 - INFO - Processing PDF for league tables: Web__99sz__K__12-10_2024.12.10.pdf
2025-06-29 01:11:50,303 - INFO - Extracted 0 tables from Web__99sz__K__12-10_2024.12.10.pdf, stored 0
2025-06-29 01:11:50,303 - INFO - Processing PDF for league tables: Web__102sz__P__12-20_2024.12.20.pdf
2025-06-29 01:11:51,037 - INFO - Extracted 0 tables from Web__102sz__P__12-20_2024.12.20.pdf, stored 0
2025-06-29 01:11:51,037 - INFO - Processing PDF for league tables: Web__101sz__K__12-17_2024.12.17.pdf
2025-06-29 01:11:51,746 - INFO - Extracted 0 tables from Web__101sz__K__12-17_2024.12.17.pdf, stored 0
2025-06-29 01:11:51,746 - INFO - Processing PDF for league tables: Web__100sz__P__12-13-8_2024.12.13.pdf
2025-06-29 01:11:52,533 - INFO - Extracted 0 tables from Web__100sz__P__12-13-8_2024.12.13.pdf, stored 0
2025-06-29 01:11:52,534 - INFO - Processing PDF for league tables: Web__105sz__K__12-31_2024.12.31_01.pdf
2025-06-29 01:11:53,254 - INFO - Extracted 0 tables from Web__105sz__K__12-31_2024.12.31_01.pdf, stored 0
2025-06-29 01:11:53,254 - INFO - Processing PDF for league tables: Web__101sz__K__12-17_2024.12.17_01.pdf
2025-06-29 01:11:53,938 - INFO - Extracted 0 tables from Web__101sz__K__12-17_2024.12.17_01.pdf, stored 0
2025-06-29 01:11:53,938 - INFO - Processing PDF for league tables: Web__104sz__P__12-27_2024.12.27_01.pdf
2025-06-29 01:11:54,605 - INFO - Extracted 0 tables from Web__104sz__P__12-27_2024.12.27_01.pdf, stored 0
2025-06-29 01:11:54,605 - INFO - Processing PDF for league tables: Web__102sz__P__12-20_2024.12.20_01.pdf
2025-06-29 01:11:55,291 - INFO - Extracted 0 tables from Web__102sz__P__12-20_2024.12.20_01.pdf, stored 0
2025-06-29 01:11:55,291 - INFO - Processing PDF for league tables: Web__104sz__P__12-27_2024.12.27.pdf
2025-06-29 01:11:55,977 - INFO - Extracted 0 tables from Web__104sz__P__12-27_2024.12.27.pdf, stored 0
