{"apiDocs":"http://localhost:8000/api-docs","environment":"development","level":"info","message":"Server is running on http://localhost:8000","port":"8000","timestamp":"2025-05-23 09:10:00:100"}
{"level":"info","message":"Database connection established successfully","timestamp":"2025-05-23 09:10:00:100"}
{"apiDocs":"http://localhost:8000/api-docs","environment":"development","level":"info","message":"Server is running on http://localhost:8000","port":"8000","timestamp":"2025-05-23 09:10:00:100"}
{"level":"info","message":"Database connection established successfully","timestamp":"2025-05-23 09:10:00:100"}
{"apiDocs":"http://localhost:8000/api-docs","environment":"development","level":"info","message":"Server is running on http://localhost:8000","port":"8000","timestamp":"2025-05-23 09:10:45:1045"}
{"apiDocs":"http://localhost:8000/api-docs","environment":"development","level":"info","message":"Server is running on http://localhost:8000","port":"8000","timestamp":"2025-05-23 09:10:45:1045"}
{"level":"info","message":"Database connection established successfully","timestamp":"2025-05-23 09:10:45:1045"}
{"level":"info","message":"Database connection established successfully","timestamp":"2025-05-23 09:10:45:1045"}
{"apiDocs":"http://localhost:8000/api-docs","environment":"development","level":"info","message":"Server is running on http://localhost:8000","port":"8000","timestamp":"2025-05-23 09:13:30:1330"}
{"level":"info","message":"Database connection established successfully","timestamp":"2025-05-23 09:13:31:1331"}
{"apiDocs":"http://localhost:8000/api-docs","environment":"development","level":"info","message":"Server is running on http://localhost:8000","port":"8000","timestamp":"2025-05-23 09:13:31:1331"}
{"level":"info","message":"Database connection established successfully","timestamp":"2025-05-23 09:13:31:1331"}
{"apiDocs":"http://localhost:8000/api-docs","environment":"development","level":"info","message":"Server is running on http://localhost:8000","port":"8000","timestamp":"2025-05-23 09:15:51:1551"}
{"level":"info","message":"Database connection established successfully","timestamp":"2025-05-23 09:15:51:1551"}
{"apiDocs":"http://localhost:8000/api-docs","environment":"development","level":"info","message":"Server is running on http://localhost:8000","port":"8000","timestamp":"2025-05-23 09:15:51:1551"}
{"level":"info","message":"Database connection established successfully","timestamp":"2025-05-23 09:15:52:1552"}
{"apiDocs":"http://localhost:8000/api-docs","environment":"development","level":"info","message":"Server is running on http://localhost:8000","port":"8000","timestamp":"2025-05-23 09:16:01:161"}
{"level":"info","message":"Database connection established successfully","timestamp":"2025-05-23 09:16:01:161"}
{"apiDocs":"http://localhost:8000/api-docs","environment":"development","level":"info","message":"Server is running on http://localhost:8000","port":"8000","timestamp":"2025-05-23 09:16:01:161"}
{"level":"info","message":"Database connection established successfully","timestamp":"2025-05-23 09:16:01:161"}
{"apiDocs":"http://localhost:8000/api-docs","environment":"development","level":"info","message":"Server is running on http://localhost:8000","port":"8000","timestamp":"2025-05-23 09:16:10:1610"}
{"level":"info","message":"Database connection established successfully","timestamp":"2025-05-23 09:16:10:1610"}
{"apiDocs":"http://localhost:8000/api-docs","environment":"development","level":"info","message":"Server is running on http://localhost:8000","port":"8000","timestamp":"2025-05-23 09:16:10:1610"}
{"level":"info","message":"Database connection established successfully","timestamp":"2025-05-23 09:16:10:1610"}
{"apiDocs":"http://localhost:8000/api-docs","environment":"development","level":"info","message":"Server is running on http://localhost:8000","port":"8000","timestamp":"2025-05-23 09:16:19:1619"}
{"level":"info","message":"Database connection established successfully","timestamp":"2025-05-23 09:16:19:1619"}
{"apiDocs":"http://localhost:8000/api-docs","environment":"development","level":"info","message":"Server is running on http://localhost:8000","port":"8000","timestamp":"2025-05-23 09:16:19:1619"}
{"level":"info","message":"Database connection established successfully","timestamp":"2025-05-23 09:16:19:1619"}
{"apiDocs":"http://localhost:8000/api-docs","environment":"development","level":"info","message":"Server is running on http://localhost:8000","port":"8000","timestamp":"2025-05-23 09:16:26:1626"}
{"level":"info","message":"Database connection established successfully","timestamp":"2025-05-23 09:16:26:1626"}
{"apiDocs":"http://localhost:8000/api-docs","environment":"development","level":"info","message":"Server is running on http://localhost:8000","port":"8000","timestamp":"2025-05-23 09:16:26:1626"}
{"level":"info","message":"Database connection established successfully","timestamp":"2025-05-23 09:16:26:1626"}
{"apiDocs":"http://localhost:8000/api-docs","environment":"development","level":"info","message":"Server is running on http://localhost:8000","port":"8000","timestamp":"2025-05-23 09:16:35:1635"}
{"level":"info","message":"Database connection established successfully","timestamp":"2025-05-23 09:16:35:1635"}
{"apiDocs":"http://localhost:8000/api-docs","environment":"development","level":"info","message":"Server is running on http://localhost:8000","port":"8000","timestamp":"2025-05-23 09:16:35:1635"}
{"level":"info","message":"Database connection established successfully","timestamp":"2025-05-23 09:16:35:1635"}
{"apiDocs":"http://localhost:8000/api-docs","environment":"development","level":"info","message":"Server is running on http://localhost:8000","port":"8000","timestamp":"2025-05-23 09:16:44:1644"}
{"apiDocs":"http://localhost:8000/api-docs","environment":"development","level":"info","message":"Server is running on http://localhost:8000","port":"8000","timestamp":"2025-05-23 09:16:44:1644"}
{"level":"info","message":"Database connection established successfully","timestamp":"2025-05-23 09:16:44:1644"}
{"level":"info","message":"Database connection established successfully","timestamp":"2025-05-23 09:16:44:1644"}
{"apiDocs":"http://localhost:8000/api-docs","environment":"development","level":"info","message":"Server is running on http://localhost:8000","port":"8000","timestamp":"2025-05-23 09:17:02:172"}
{"apiDocs":"http://localhost:8000/api-docs","environment":"development","level":"info","message":"Server is running on http://localhost:8000","port":"8000","timestamp":"2025-05-23 09:17:03:173"}
{"level":"info","message":"Database connection established successfully","timestamp":"2025-05-23 09:17:03:173"}
{"level":"info","message":"Database connection established successfully","timestamp":"2025-05-23 09:17:03:173"}
{"apiDocs":"http://localhost:8000/api-docs","environment":"development","level":"info","message":"Server is running on http://localhost:8000","port":"8000","timestamp":"2025-05-23 09:17:54:1754"}
{"level":"info","message":"Database connection established successfully","timestamp":"2025-05-23 09:17:54:1754"}
{"apiDocs":"http://localhost:8000/api-docs","environment":"development","level":"info","message":"Server is running on http://localhost:8000","port":"8000","timestamp":"2025-05-23 09:17:54:1754"}
{"level":"info","message":"Database connection established successfully","timestamp":"2025-05-23 09:17:54:1754"}
{"apiDocs":"http://localhost:8000/api-docs","environment":"development","level":"info","message":"Server is running on http://localhost:8000","port":"8000","timestamp":"2025-05-23 09:18:15:1815"}
{"level":"info","message":"Database connection established successfully","timestamp":"2025-05-23 09:18:15:1815"}
{"apiDocs":"http://localhost:8000/api-docs","environment":"development","level":"info","message":"Server is running on http://localhost:8000","port":"8000","timestamp":"2025-05-23 09:18:15:1815"}
{"level":"info","message":"Database connection established successfully","timestamp":"2025-05-23 09:18:15:1815"}
{"apiDocs":"http://localhost:8000/api-docs","environment":"development","level":"info","message":"Server is running on http://localhost:8000","port":"8000","timestamp":"2025-05-23 09:23:10:2310"}
{"apiDocs":"http://localhost:8000/api-docs","environment":"development","level":"info","message":"Server is running on http://localhost:8000","port":"8000","timestamp":"2025-05-23 09:23:10:2310"}
{"level":"info","message":"Database connection established successfully","timestamp":"2025-05-23 09:23:10:2310"}
{"level":"info","message":"Database connection established successfully","timestamp":"2025-05-23 09:23:10:2310"}
{"apiDocs":"http://localhost:8000/api-docs","environment":"development","level":"info","message":"Server is running on http://localhost:8000","port":"8000","timestamp":"2025-05-23 09:27:06:276"}
{"level":"info","message":"Database connection established successfully","timestamp":"2025-05-23 09:27:06:276"}
{"apiDocs":"http://localhost:8000/api-docs","environment":"development","level":"info","message":"Server is running on http://localhost:8000","port":"8000","timestamp":"2025-05-23 09:27:06:276"}
{"level":"info","message":"Database connection established successfully","timestamp":"2025-05-23 09:27:06:276"}
{"apiDocs":"http://localhost:8000/api-docs","environment":"development","level":"info","message":"Server is running on http://localhost:8000","port":"8000","timestamp":"2025-05-23 09:28:52:2852"}
{"level":"info","message":"Database connection established successfully","timestamp":"2025-05-23 09:28:52:2852"}
{"error":"Cannot set property query of #<IncomingMessage> which has only a getter","ip":"::1","level":"error","message":"Error occurred","method":"POST","stack":"TypeError: Cannot set property query of #<IncomingMessage> which has only a getter\n    at C:\\Users\\bandi\\Documents\\code\\2025\\social-tippmix-v4\\backend\\src\\middlewares\\validation.ts:185:16\n    at Layer.handleRequest (C:\\Users\\bandi\\Documents\\code\\2025\\social-tippmix-v4\\backend\\node_modules\\router\\lib\\layer.js:152:17)\n    at trimPrefix (C:\\Users\\bandi\\Documents\\code\\2025\\social-tippmix-v4\\backend\\node_modules\\router\\index.js:342:13)\n    at C:\\Users\\bandi\\Documents\\code\\2025\\social-tippmix-v4\\backend\\node_modules\\router\\index.js:297:9\n    at processParams (C:\\Users\\bandi\\Documents\\code\\2025\\social-tippmix-v4\\backend\\node_modules\\router\\index.js:582:12)\n    at next (C:\\Users\\bandi\\Documents\\code\\2025\\social-tippmix-v4\\backend\\node_modules\\router\\index.js:291:5)\n    at cookieParser (C:\\Users\\bandi\\Documents\\code\\2025\\social-tippmix-v4\\backend\\node_modules\\cookie-parser\\index.js:71:5)\n    at Layer.handleRequest (C:\\Users\\bandi\\Documents\\code\\2025\\social-tippmix-v4\\backend\\node_modules\\router\\lib\\layer.js:152:17)\n    at trimPrefix (C:\\Users\\bandi\\Documents\\code\\2025\\social-tippmix-v4\\backend\\node_modules\\router\\index.js:342:13)\n    at C:\\Users\\bandi\\Documents\\code\\2025\\social-tippmix-v4\\backend\\node_modules\\router\\index.js:297:9","timestamp":"2025-05-23 09:31:15:3115","url":"/api/user/logout","userId":"unauthenticated"}
{"level":"http","message":"::1 - - [23/May/2025:07:31:15 +0000] \"POST /api/user/logout HTTP/1.1\" 500 1472 \"http://localhost:3000/\" \"Mozilla/5.0 (Windows NT 10.0; Win64; x64) AppleWebKit/537.36 (KHTML, like Gecko) Chrome/136.0.0.0 Safari/537.36\"","timestamp":"2025-05-23 09:31:15:3115"}
{"error":null,"ip":"::1","level":"error","message":"POST /api/user/logout 500 23.21ms","method":"POST","responseTime":"23.21ms","status":500,"timestamp":"2025-05-23 09:31:15:3115","url":"/api/user/logout","userId":"unauthenticated"}
{"body":{"password":"#RandomPassword12345","username":"admin"},"error":"Cannot set property query of #<IncomingMessage> which has only a getter","ip":"::1","level":"error","message":"Error occurred","method":"POST","stack":"TypeError: Cannot set property query of #<IncomingMessage> which has only a getter\n    at C:\\Users\\bandi\\Documents\\code\\2025\\social-tippmix-v4\\backend\\src\\middlewares\\validation.ts:185:16\n    at Layer.handleRequest (C:\\Users\\bandi\\Documents\\code\\2025\\social-tippmix-v4\\backend\\node_modules\\router\\lib\\layer.js:152:17)\n    at trimPrefix (C:\\Users\\bandi\\Documents\\code\\2025\\social-tippmix-v4\\backend\\node_modules\\router\\index.js:342:13)\n    at C:\\Users\\bandi\\Documents\\code\\2025\\social-tippmix-v4\\backend\\node_modules\\router\\index.js:297:9\n    at processParams (C:\\Users\\bandi\\Documents\\code\\2025\\social-tippmix-v4\\backend\\node_modules\\router\\index.js:582:12)\n    at next (C:\\Users\\bandi\\Documents\\code\\2025\\social-tippmix-v4\\backend\\node_modules\\router\\index.js:291:5)\n    at cookieParser (C:\\Users\\bandi\\Documents\\code\\2025\\social-tippmix-v4\\backend\\node_modules\\cookie-parser\\index.js:57:14)\n    at Layer.handleRequest (C:\\Users\\bandi\\Documents\\code\\2025\\social-tippmix-v4\\backend\\node_modules\\router\\lib\\layer.js:152:17)\n    at trimPrefix (C:\\Users\\bandi\\Documents\\code\\2025\\social-tippmix-v4\\backend\\node_modules\\router\\index.js:342:13)\n    at C:\\Users\\bandi\\Documents\\code\\2025\\social-tippmix-v4\\backend\\node_modules\\router\\index.js:297:9","timestamp":"2025-05-23 09:33:39:3339","url":"/api/user/login","userId":"unauthenticated"}
{"level":"http","message":"::1 - - [23/May/2025:07:33:39 +0000] \"POST /api/user/login HTTP/1.1\" 500 1473 \"-\" \"axios/1.9.0\"","timestamp":"2025-05-23 09:33:39:3339"}
{"error":null,"ip":"::1","level":"error","message":"POST /api/user/login 500 33.42ms","method":"POST","responseTime":"33.42ms","status":500,"timestamp":"2025-05-23 09:33:39:3339","url":"/api/user/login","userId":"unauthenticated"}
{"body":{"password":"#RandomPassword12345","username":"admin"},"error":"Cannot set property query of #<IncomingMessage> which has only a getter","ip":"::1","level":"error","message":"Error occurred","method":"POST","stack":"TypeError: Cannot set property query of #<IncomingMessage> which has only a getter\n    at C:\\Users\\bandi\\Documents\\code\\2025\\social-tippmix-v4\\backend\\src\\middlewares\\validation.ts:185:16\n    at Layer.handleRequest (C:\\Users\\bandi\\Documents\\code\\2025\\social-tippmix-v4\\backend\\node_modules\\router\\lib\\layer.js:152:17)\n    at trimPrefix (C:\\Users\\bandi\\Documents\\code\\2025\\social-tippmix-v4\\backend\\node_modules\\router\\index.js:342:13)\n    at C:\\Users\\bandi\\Documents\\code\\2025\\social-tippmix-v4\\backend\\node_modules\\router\\index.js:297:9\n    at processParams (C:\\Users\\bandi\\Documents\\code\\2025\\social-tippmix-v4\\backend\\node_modules\\router\\index.js:582:12)\n    at next (C:\\Users\\bandi\\Documents\\code\\2025\\social-tippmix-v4\\backend\\node_modules\\router\\index.js:291:5)\n    at cookieParser (C:\\Users\\bandi\\Documents\\code\\2025\\social-tippmix-v4\\backend\\node_modules\\cookie-parser\\index.js:57:14)\n    at Layer.handleRequest (C:\\Users\\bandi\\Documents\\code\\2025\\social-tippmix-v4\\backend\\node_modules\\router\\lib\\layer.js:152:17)\n    at trimPrefix (C:\\Users\\bandi\\Documents\\code\\2025\\social-tippmix-v4\\backend\\node_modules\\router\\index.js:342:13)\n    at C:\\Users\\bandi\\Documents\\code\\2025\\social-tippmix-v4\\backend\\node_modules\\router\\index.js:297:9","timestamp":"2025-05-23 09:35:58:3558","url":"/api/user/login","userId":"unauthenticated"}
{"level":"http","message":"::1 - - [23/May/2025:07:35:58 +0000] \"POST /api/user/login HTTP/1.1\" 500 1473 \"-\" \"axios/1.9.0\"","timestamp":"2025-05-23 09:35:58:3558"}
{"error":null,"ip":"::1","level":"error","message":"POST /api/user/login 500 5.34ms","method":"POST","responseTime":"5.34ms","status":500,"timestamp":"2025-05-23 09:35:58:3558","url":"/api/user/login","userId":"unauthenticated"}
{"body":{"password":"#RandomPassword12345","username":"admin"},"error":"Cannot set property query of #<IncomingMessage> which has only a getter","ip":"::1","level":"error","message":"Error occurred","method":"POST","stack":"TypeError: Cannot set property query of #<IncomingMessage> which has only a getter\n    at C:\\Users\\bandi\\Documents\\code\\2025\\social-tippmix-v4\\backend\\src\\middlewares\\validation.ts:185:16\n    at Layer.handleRequest (C:\\Users\\bandi\\Documents\\code\\2025\\social-tippmix-v4\\backend\\node_modules\\router\\lib\\layer.js:152:17)\n    at trimPrefix (C:\\Users\\bandi\\Documents\\code\\2025\\social-tippmix-v4\\backend\\node_modules\\router\\index.js:342:13)\n    at C:\\Users\\bandi\\Documents\\code\\2025\\social-tippmix-v4\\backend\\node_modules\\router\\index.js:297:9\n    at processParams (C:\\Users\\bandi\\Documents\\code\\2025\\social-tippmix-v4\\backend\\node_modules\\router\\index.js:582:12)\n    at next (C:\\Users\\bandi\\Documents\\code\\2025\\social-tippmix-v4\\backend\\node_modules\\router\\index.js:291:5)\n    at cookieParser (C:\\Users\\bandi\\Documents\\code\\2025\\social-tippmix-v4\\backend\\node_modules\\cookie-parser\\index.js:57:14)\n    at Layer.handleRequest (C:\\Users\\bandi\\Documents\\code\\2025\\social-tippmix-v4\\backend\\node_modules\\router\\lib\\layer.js:152:17)\n    at trimPrefix (C:\\Users\\bandi\\Documents\\code\\2025\\social-tippmix-v4\\backend\\node_modules\\router\\index.js:342:13)\n    at C:\\Users\\bandi\\Documents\\code\\2025\\social-tippmix-v4\\backend\\node_modules\\router\\index.js:297:9","timestamp":"2025-05-23 09:36:37:3637","url":"/api/user/login","userId":"unauthenticated"}
{"level":"http","message":"::1 - - [23/May/2025:07:36:37 +0000] \"POST /api/user/login HTTP/1.1\" 500 1473 \"-\" \"axios/1.9.0\"","timestamp":"2025-05-23 09:36:37:3637"}
{"error":null,"ip":"::1","level":"error","message":"POST /api/user/login 500 3.96ms","method":"POST","responseTime":"3.96ms","status":500,"timestamp":"2025-05-23 09:36:37:3637","url":"/api/user/login","userId":"unauthenticated"}
{"error":"Cannot set property query of #<IncomingMessage> which has only a getter","ip":"::1","level":"error","message":"Error occurred","method":"GET","stack":"TypeError: Cannot set property query of #<IncomingMessage> which has only a getter\n    at C:\\Users\\bandi\\Documents\\code\\2025\\social-tippmix-v4\\backend\\src\\middlewares\\validation.ts:185:16\n    at Layer.handleRequest (C:\\Users\\bandi\\Documents\\code\\2025\\social-tippmix-v4\\backend\\node_modules\\router\\lib\\layer.js:152:17)\n    at trimPrefix (C:\\Users\\bandi\\Documents\\code\\2025\\social-tippmix-v4\\backend\\node_modules\\router\\index.js:342:13)\n    at C:\\Users\\bandi\\Documents\\code\\2025\\social-tippmix-v4\\backend\\node_modules\\router\\index.js:297:9\n    at processParams (C:\\Users\\bandi\\Documents\\code\\2025\\social-tippmix-v4\\backend\\node_modules\\router\\index.js:582:12)\n    at next (C:\\Users\\bandi\\Documents\\code\\2025\\social-tippmix-v4\\backend\\node_modules\\router\\index.js:291:5)\n    at cookieParser (C:\\Users\\bandi\\Documents\\code\\2025\\social-tippmix-v4\\backend\\node_modules\\cookie-parser\\index.js:71:5)\n    at Layer.handleRequest (C:\\Users\\bandi\\Documents\\code\\2025\\social-tippmix-v4\\backend\\node_modules\\router\\lib\\layer.js:152:17)\n    at trimPrefix (C:\\Users\\bandi\\Documents\\code\\2025\\social-tippmix-v4\\backend\\node_modules\\router\\index.js:342:13)\n    at C:\\Users\\bandi\\Documents\\code\\2025\\social-tippmix-v4\\backend\\node_modules\\router\\index.js:297:9","timestamp":"2025-05-23 09:53:27:5327","url":"/api/user/me","userId":"unauthenticated"}
{"level":"http","message":"::1 - - [23/May/2025:07:53:27 +0000] \"GET /api/user/me HTTP/1.1\" 500 1472 \"http://localhost:3000/\" \"Mozilla/5.0 (Windows NT 10.0; Win64; x64) AppleWebKit/537.36 (KHTML, like Gecko) Chrome/136.0.0.0 Safari/537.36\"","timestamp":"2025-05-23 09:53:27:5327"}
{"error":null,"ip":"::1","level":"error","message":"GET /api/user/me 500 7.83ms","method":"GET","responseTime":"7.83ms","status":500,"timestamp":"2025-05-23 09:53:27:5327","url":"/api/user/me","userId":"unauthenticated"}
{"apiDocs":"http://localhost:8000/api-docs","environment":"development","level":"info","message":"Server is running on http://localhost:8000","port":"8000","timestamp":"2025-05-23 10:38:45:3845"}
{"level":"info","message":"Database connection established successfully","timestamp":"2025-05-23 10:38:45:3845"}
{"error":"Cannot set property query of #<IncomingMessage> which has only a getter","ip":"::1","level":"error","message":"Error occurred","method":"GET","stack":"TypeError: Cannot set property query of #<IncomingMessage> which has only a getter\n    at C:\\Users\\bandi\\Documents\\code\\2025\\social-tippmix-v4\\backend\\src\\middlewares\\validation.ts:185:16\n    at Layer.handleRequest (C:\\Users\\bandi\\Documents\\code\\2025\\social-tippmix-v4\\backend\\node_modules\\router\\lib\\layer.js:152:17)\n    at trimPrefix (C:\\Users\\bandi\\Documents\\code\\2025\\social-tippmix-v4\\backend\\node_modules\\router\\index.js:342:13)\n    at C:\\Users\\bandi\\Documents\\code\\2025\\social-tippmix-v4\\backend\\node_modules\\router\\index.js:297:9\n    at processParams (C:\\Users\\bandi\\Documents\\code\\2025\\social-tippmix-v4\\backend\\node_modules\\router\\index.js:582:12)\n    at next (C:\\Users\\bandi\\Documents\\code\\2025\\social-tippmix-v4\\backend\\node_modules\\router\\index.js:291:5)\n    at cookieParser (C:\\Users\\bandi\\Documents\\code\\2025\\social-tippmix-v4\\backend\\node_modules\\cookie-parser\\index.js:71:5)\n    at Layer.handleRequest (C:\\Users\\bandi\\Documents\\code\\2025\\social-tippmix-v4\\backend\\node_modules\\router\\lib\\layer.js:152:17)\n    at trimPrefix (C:\\Users\\bandi\\Documents\\code\\2025\\social-tippmix-v4\\backend\\node_modules\\router\\index.js:342:13)\n    at C:\\Users\\bandi\\Documents\\code\\2025\\social-tippmix-v4\\backend\\node_modules\\router\\index.js:297:9","timestamp":"2025-05-23 10:41:52:4152","url":"/api/user/me","userId":"unauthenticated"}
{"level":"http","message":"::1 - - [23/May/2025:08:41:52 +0000] \"GET /api/user/me HTTP/1.1\" 500 1472 \"http://localhost:3000/\" \"Mozilla/5.0 (Windows NT 10.0; Win64; x64) AppleWebKit/537.36 (KHTML, like Gecko) Chrome/136.0.0.0 Safari/537.36\"","timestamp":"2025-05-23 10:41:52:4152"}
{"error":null,"ip":"::1","level":"error","message":"GET /api/user/me 500 30.51ms","method":"GET","responseTime":"30.51ms","status":500,"timestamp":"2025-05-23 10:41:52:4152","url":"/api/user/me","userId":"unauthenticated"}
